   0.000000E+00   0.549296E+01  -0.375365E-02
   0.500000E-01   0.549159E+01  -0.339327E-02
   0.100000E+00   0.548726E+01  -0.328914E-02
   0.150000E+00   0.548029E+01  -0.353256E-02
   0.200000E+00   0.547270E+01  -0.404840E-02
   0.250000E+00   0.546622E+01  -0.465557E-02
   0.300000E+00   0.546145E+01  -0.522766E-02
   0.350000E+00   0.545832E+01  -0.573473E-02
   0.400000E+00   0.545656E+01  -0.619041E-02
   0.450000E+00   0.545587E+01  -0.660721E-02
   0.500000E+00   0.545592E+01  -0.698634E-02
   0.550000E+00   0.545643E+01  -0.732246E-02
   0.600000E+00   0.545709E+01  -0.761086E-02
   0.650000E+00   0.545767E+01  -0.785682E-02
   0.700000E+00   0.545800E+01  -0.807261E-02
   0.750000E+00   0.545800E+01  -0.825618E-02
   0.800000E+00   0.545767E+01  -0.837602E-02
   0.850000E+00   0.545715E+01  -0.836589E-02
   0.900000E+00   0.545664E+01  -0.812293E-02
   0.950000E+00   0.545627E+01  -0.753694E-02
   0.100000E+01   0.545573E+01  -0.657683E-02
   0.105000E+01   0.545374E+01  -0.538496E-02
   0.110000E+01   0.544803E+01  -0.421834E-02
   0.115000E+01   0.543632E+01  -0.334668E-02
   0.120000E+01   0.541945E+01  -0.307463E-02
   0.125000E+01   0.540257E+01  -0.340302E-02
   0.130000E+01   0.538940E+01  -0.415835E-02
   0.135000E+01   0.538187E+01  -0.481112E-02
   0.140000E+01   0.538176E+01  -0.490614E-02
   0.145000E+01   0.538926E+01  -0.487621E-02
   0.150000E+01   0.540256E+01  -0.520060E-02
   0.155000E+01   0.541887E+01  -0.570923E-02
   0.160000E+01   0.543575E+01  -0.605157E-02
   0.165000E+01   0.545123E+01  -0.621802E-02
   0.170000E+01   0.546352E+01  -0.642864E-02
   0.175000E+01   0.547102E+01  -0.677521E-02
   0.180000E+01   0.547291E+01  -0.720863E-02
   0.185000E+01   0.546946E+01  -0.773936E-02
   0.190000E+01   0.546172E+01  -0.842831E-02
   0.195000E+01   0.545106E+01  -0.923562E-02
   0.200000E+01   0.543889E+01  -0.998492E-02
   0.205000E+01   0.542657E+01  -0.104873E-01
   0.210000E+01   0.541528E+01  -0.106631E-01
   0.215000E+01   0.540598E+01  -0.105561E-01
   0.220000E+01   0.539923E+01  -0.102930E-01
   0.225000E+01   0.539516E+01  -0.100095E-01
   0.230000E+01   0.539347E+01  -0.977578E-02
   0.235000E+01   0.539352E+01  -0.958608E-02
   0.240000E+01   0.539440E+01  -0.942296E-02
   0.245000E+01   0.539509E+01  -0.936453E-02
   0.250000E+01   0.539475E+01  -0.954344E-02
   0.255000E+01   0.539279E+01  -0.995653E-02
   0.260000E+01   0.538898E+01  -0.104400E-01
   0.265000E+01   0.538352E+01  -0.108263E-01
   0.270000E+01   0.537698E+01  -0.110336E-01
   0.275000E+01   0.537018E+01  -0.110876E-01
   0.280000E+01   0.536400E+01  -0.110374E-01
   0.285000E+01   0.535921E+01  -0.108864E-01
   0.290000E+01   0.535637E+01  -0.106532E-01
   0.295000E+01   0.535581E+01  -0.104323E-01
   0.300000E+01   0.535765E+01  -0.103403E-01
   0.305000E+01   0.536183E+01  -0.104217E-01
   0.310000E+01   0.536810E+01  -0.106415E-01
   0.315000E+01   0.537606E+01  -0.109527E-01
   0.320000E+01   0.538520E+01  -0.113446E-01
   0.325000E+01   0.539497E+01  -0.118301E-01
   0.330000E+01   0.540489E+01  -0.124191E-01
   0.335000E+01   0.541455E+01  -0.131050E-01
   0.340000E+01   0.542366E+01  -0.138517E-01
   0.345000E+01   0.543211E+01  -0.145453E-01
   0.350000E+01   0.543990E+01  -0.149354E-01
   0.355000E+01   0.544704E+01  -0.148653E-01
   0.360000E+01   0.545356E+01  -0.145211E-01
   0.365000E+01   0.545965E+01  -0.142391E-01
   0.370000E+01   0.546550E+01  -0.143587E-01
   0.375000E+01   0.547093E+01  -0.150641E-01
   0.380000E+01   0.547522E+01  -0.161080E-01
   0.385000E+01   0.547767E+01  -0.170351E-01
   0.390000E+01   0.547804E+01  -0.176180E-01
   0.395000E+01   0.547623E+01  -0.178515E-01
   0.400000E+01   0.547192E+01  -0.178018E-01
   0.405000E+01   0.546451E+01  -0.172939E-01
   0.410000E+01   0.545340E+01  -0.160205E-01
   0.415000E+01   0.543841E+01  -0.139740E-01
   0.420000E+01   0.541993E+01  -0.115870E-01
   0.425000E+01   0.539889E+01  -0.951672E-02
   0.430000E+01   0.537655E+01  -0.827540E-02
   0.435000E+01   0.535426E+01  -0.803972E-02
   0.440000E+01   0.533345E+01  -0.871103E-02
   0.445000E+01   0.531549E+01  -0.999744E-02
   0.450000E+01   0.530176E+01  -0.115213E-01
   0.455000E+01   0.529338E+01  -0.129626E-01
   0.460000E+01   0.529102E+01  -0.141170E-01
   0.465000E+01   0.529487E+01  -0.148763E-01
   0.470000E+01   0.530469E+01  -0.152044E-01
   0.475000E+01   0.531991E+01  -0.151720E-01
   0.480000E+01   0.533949E+01  -0.149646E-01
   0.485000E+01   0.536213E+01  -0.147717E-01
   0.490000E+01   0.538641E+01  -0.147184E-01
   0.495000E+01   0.541078E+01  -0.148656E-01
   0.500000E+01   0.543378E+01  -0.152732E-01
   0.505000E+01   0.545405E+01  -0.160736E-01
   0.510000E+01   0.547054E+01  -0.172998E-01
   0.515000E+01   0.548278E+01  -0.187262E-01
   0.520000E+01   0.549082E+01  -0.199411E-01
   0.525000E+01   0.549487E+01  -0.206697E-01
   0.530000E+01   0.549523E+01  -0.208771E-01
   0.535000E+01   0.549238E+01  -0.205608E-01
   0.540000E+01   0.548701E+01  -0.197342E-01
   0.545000E+01   0.547984E+01  -0.185423E-01
   0.550000E+01   0.547155E+01  -0.172622E-01
   0.555000E+01   0.546272E+01  -0.162053E-01
   0.560000E+01   0.545386E+01  -0.156278E-01
   0.565000E+01   0.544536E+01  -0.156839E-01
   0.570000E+01   0.543739E+01  -0.163817E-01
   0.575000E+01   0.542988E+01  -0.175560E-01
   0.580000E+01   0.542270E+01  -0.189534E-01
   0.585000E+01   0.541585E+01  -0.203701E-01
   0.590000E+01   0.540955E+01  -0.216511E-01
   0.595000E+01   0.540413E+01  -0.226919E-01
   0.600000E+01   0.539984E+01  -0.233879E-01
   0.605000E+01   0.539684E+01  -0.235729E-01
   0.610000E+01   0.539522E+01  -0.232756E-01
   0.615000E+01   0.539505E+01  -0.227475E-01
   0.620000E+01   0.539652E+01  -0.221810E-01
   0.625000E+01   0.539976E+01  -0.215810E-01
   0.630000E+01   0.540480E+01  -0.210041E-01
   0.635000E+01   0.541169E+01  -0.206462E-01
   0.640000E+01   0.542050E+01  -0.206312E-01
   0.645000E+01   0.543108E+01  -0.208790E-01
   0.650000E+01   0.544298E+01  -0.212427E-01
   0.655000E+01   0.545579E+01  -0.215792E-01
   0.660000E+01   0.546927E+01  -0.217576E-01
   0.665000E+01   0.548310E+01  -0.217394E-01
   0.670000E+01   0.549685E+01  -0.215039E-01
   0.675000E+01   0.551006E+01  -0.209933E-01
   0.680000E+01   0.552228E+01  -0.201914E-01
   0.685000E+01   0.553316E+01  -0.191758E-01
   0.690000E+01   0.554248E+01  -0.181231E-01
   0.695000E+01   0.555018E+01  -0.172689E-01
   0.700000E+01   0.555618E+01  -0.167197E-01
   0.705000E+01   0.556021E+01  -0.163875E-01
   0.710000E+01   0.556204E+01  -0.161299E-01
   0.715000E+01   0.556181E+01  -0.159950E-01
   0.720000E+01   0.555987E+01  -0.163067E-01
   0.725000E+01   0.555635E+01  -0.170204E-01
   0.730000E+01   0.555123E+01  -0.178230E-01
   0.735000E+01   0.554458E+01  -0.185006E-01
   0.740000E+01   0.553654E+01  -0.187991E-01
   0.745000E+01   0.552732E+01  -0.190333E-01
   0.750000E+01   0.551696E+01  -0.195839E-01
   0.755000E+01   0.550584E+01  -0.203259E-01
   0.760000E+01   0.549455E+01  -0.211845E-01
   0.765000E+01   0.548378E+01  -0.221282E-01
   0.770000E+01   0.547396E+01  -0.228755E-01
   0.775000E+01   0.546489E+01  -0.232937E-01
   0.780000E+01   0.545633E+01  -0.234959E-01
   0.785000E+01   0.544832E+01  -0.234916E-01
   0.790000E+01   0.544126E+01  -0.231467E-01
   0.795000E+01   0.543574E+01  -0.223289E-01
   0.800000E+01   0.543188E+01  -0.213007E-01
   0.805000E+01   0.542962E+01  -0.201953E-01
   0.810000E+01   0.542931E+01  -0.188546E-01
   0.815000E+01   0.543097E+01  -0.172946E-01
   0.820000E+01   0.543410E+01  -0.157310E-01
   0.825000E+01   0.543825E+01  -0.144629E-01
   0.830000E+01   0.544322E+01  -0.136299E-01
   0.835000E+01   0.544894E+01  -0.130532E-01
   0.840000E+01   0.545528E+01  -0.126444E-01
   0.845000E+01   0.546205E+01  -0.125909E-01
   0.850000E+01   0.546915E+01  -0.129691E-01
   0.855000E+01   0.547637E+01  -0.136604E-01
   0.860000E+01   0.548348E+01  -0.146493E-01
   0.865000E+01   0.549028E+01  -0.159455E-01
   0.870000E+01   0.549656E+01  -0.173179E-01
   0.875000E+01   0.550212E+01  -0.185972E-01
   0.880000E+01   0.550677E+01  -0.199053E-01
   0.885000E+01   0.551041E+01  -0.213284E-01
   0.890000E+01   0.551295E+01  -0.228967E-01
   0.895000E+01   0.551436E+01  -0.247318E-01
   0.900000E+01   0.551468E+01  -0.267610E-01
   0.905000E+01   0.551398E+01  -0.286834E-01
   0.910000E+01   0.551258E+01  -0.303095E-01
   0.915000E+01   0.551074E+01  -0.315562E-01
   0.920000E+01   0.550858E+01  -0.322692E-01
   0.925000E+01   0.550626E+01  -0.321442E-01
   0.930000E+01   0.550415E+01  -0.310045E-01
   0.935000E+01   0.550245E+01  -0.291602E-01
   0.940000E+01   0.550104E+01  -0.270697E-01
   0.945000E+01   0.549959E+01  -0.246922E-01
   0.950000E+01   0.549784E+01  -0.219219E-01
   0.955000E+01   0.549602E+01  -0.189871E-01
   0.960000E+01   0.549437E+01  -0.163797E-01
   0.965000E+01   0.549346E+01  -0.140234E-01
   0.970000E+01   0.549397E+01  -0.114604E-01
   0.975000E+01   0.549563E+01  -0.901263E-02
   0.980000E+01   0.549843E+01  -0.715805E-02
   0.985000E+01   0.550274E+01  -0.648925E-02
   0.990000E+01   0.550721E+01  -0.779760E-02
   0.995000E+01   0.551108E+01  -0.113545E-01
   0.100000E+02   0.551591E+01  -0.148551E-01
   0.100500E+02   0.552231E+01  -0.160829E-01
   0.101000E+02   0.552969E+01  -0.162065E-01
   0.101500E+02   0.553786E+01  -0.164277E-01
   0.102000E+02   0.554649E+01  -0.167588E-01
   0.102500E+02   0.555502E+01  -0.170288E-01
   0.103000E+02   0.556296E+01  -0.169503E-01
   0.103500E+02   0.556957E+01  -0.171741E-01
   0.104000E+02   0.557506E+01  -0.183846E-01
   0.104500E+02   0.558036E+01  -0.197882E-01
   0.105000E+02   0.558593E+01  -0.205827E-01
   0.105500E+02   0.559186E+01  -0.211701E-01
   0.106000E+02   0.559689E+01  -0.223942E-01
   0.106500E+02   0.559962E+01  -0.241428E-01
   0.107000E+02   0.560047E+01  -0.254989E-01
   0.107500E+02   0.560040E+01  -0.260353E-01
   0.108000E+02   0.559949E+01  -0.253852E-01
   0.108500E+02   0.559753E+01  -0.230651E-01
   0.109000E+02   0.559442E+01  -0.198173E-01
   0.109500E+02   0.559012E+01  -0.169697E-01
   0.110000E+02   0.558478E+01  -0.151120E-01
   0.110500E+02   0.557884E+01  -0.142074E-01
   0.111000E+02   0.557287E+01  -0.139231E-01
   0.111500E+02   0.556721E+01  -0.139935E-01
   0.112000E+02   0.556207E+01  -0.146612E-01
   0.112500E+02   0.555732E+01  -0.161203E-01
   0.113000E+02   0.555257E+01  -0.175609E-01
   0.113500E+02   0.554741E+01  -0.180250E-01
   0.114000E+02   0.554171E+01  -0.175535E-01
   0.114500E+02   0.553583E+01  -0.166138E-01
   0.115000E+02   0.553058E+01  -0.154148E-01
   0.115500E+02   0.552657E+01  -0.143552E-01
   0.116000E+02   0.552380E+01  -0.140469E-01
   0.116500E+02   0.552224E+01  -0.146747E-01
   0.117000E+02   0.552216E+01  -0.162235E-01
   0.117500E+02   0.552360E+01  -0.185870E-01
   0.118000E+02   0.552580E+01  -0.211928E-01
   0.118500E+02   0.552803E+01  -0.231201E-01
   0.119000E+02   0.553006E+01  -0.236848E-01
   0.119500E+02   0.553168E+01  -0.230649E-01
   0.120000E+02   0.553287E+01  -0.220107E-01
   0.120500E+02   0.553393E+01  -0.212251E-01
   0.121000E+02   0.553514E+01  -0.217614E-01
   0.121500E+02   0.553621E+01  -0.239104E-01
   0.122000E+02   0.553702E+01  -0.249718E-01
   0.122500E+02   0.553825E+01  -0.232960E-01
   0.123000E+02   0.554039E+01  -0.201663E-01
   0.123500E+02   0.554261E+01  -0.164995E-01
   0.124000E+02   0.554462E+01  -0.124921E-01
   0.124500E+02   0.554701E+01  -0.890043E-02
   0.125000E+02   0.554981E+01  -0.682758E-02
   0.125500E+02   0.555202E+01  -0.719298E-02
   0.126000E+02   0.555254E+01  -0.951738E-02
   0.126500E+02   0.555149E+01  -0.115503E-01
   0.127000E+02   0.555038E+01  -0.118737E-01
   0.127500E+02   0.555049E+01  -0.108792E-01
   0.128000E+02   0.555154E+01  -0.944633E-02
   0.128500E+02   0.555230E+01  -0.899670E-02
   0.129000E+02   0.555236E+01  -0.106010E-01
   0.129500E+02   0.555240E+01  -0.135050E-01
   0.130000E+02   0.555272E+01  -0.161929E-01
   0.130500E+02   0.555289E+01  -0.180660E-01
   0.131000E+02   0.555301E+01  -0.192850E-01
   0.131500E+02   0.555338E+01  -0.198404E-01
   0.132000E+02   0.555405E+01  -0.193519E-01
   0.132500E+02   0.555541E+01  -0.178393E-01
   0.133000E+02   0.555778E+01  -0.165809E-01
   0.133500E+02   0.556107E+01  -0.164390E-01
   0.134000E+02   0.556489E+01  -0.162164E-01
   0.134500E+02   0.556823E+01  -0.148731E-01
   0.135000E+02   0.557060E+01  -0.127839E-01
   0.135500E+02   0.557289E+01  -0.103129E-01
   0.136000E+02   0.557613E+01  -0.738429E-02
   0.136500E+02   0.558063E+01  -0.471159E-02
   0.137000E+02   0.558578E+01  -0.393354E-02
   0.137500E+02   0.559061E+01  -0.529807E-02
   0.138000E+02   0.559473E+01  -0.700161E-02
   0.138500E+02   0.559828E+01  -0.780032E-02
   0.139000E+02   0.560123E+01  -0.820904E-02
   0.139500E+02   0.560325E+01  -0.902678E-02
   0.140000E+02   0.560421E+01  -0.106896E-01
   0.140500E+02   0.560445E+01  -0.135999E-01
   0.141000E+02   0.560461E+01  -0.174522E-01
   0.141500E+02   0.560524E+01  -0.206793E-01
   0.142000E+02   0.560654E+01  -0.218946E-01
   0.142500E+02   0.560803E+01  -0.214104E-01
   0.143000E+02   0.560910E+01  -0.203783E-01
   0.143500E+02   0.560921E+01  -0.196707E-01
   0.144000E+02   0.560818E+01  -0.198364E-01
   0.144500E+02   0.560664E+01  -0.206203E-01
   0.145000E+02   0.560521E+01  -0.212351E-01
   0.145500E+02   0.560363E+01  -0.215736E-01
   0.146000E+02   0.560151E+01  -0.214283E-01
   0.146500E+02   0.559905E+01  -0.202484E-01
   0.147000E+02   0.559673E+01  -0.182175E-01
   0.147500E+02   0.559475E+01  -0.156895E-01
   0.148000E+02   0.559264E+01  -0.135527E-01
   0.148500E+02   0.558987E+01  -0.131267E-01
   0.149000E+02   0.558631E+01  -0.141062E-01
   0.149500E+02   0.558217E+01  -0.154359E-01
   0.150000E+02   0.557846E+01  -0.170532E-01
   0.150500E+02   0.557626E+01  -0.188869E-01
   0.151000E+02   0.557562E+01  -0.208318E-01
   0.151500E+02   0.557552E+01  -0.233338E-01
   0.152000E+02   0.557494E+01  -0.264393E-01
   0.152500E+02   0.557345E+01  -0.291836E-01
   0.153000E+02   0.557155E+01  -0.305128E-01
   0.153500E+02   0.557025E+01  -0.301254E-01
   0.154000E+02   0.556961E+01  -0.281174E-01
   0.154500E+02   0.556853E+01  -0.248086E-01
   0.155000E+02   0.556648E+01  -0.208308E-01
   0.155500E+02   0.556421E+01  -0.169503E-01
   0.156000E+02   0.556285E+01  -0.141149E-01
   0.156500E+02   0.556286E+01  -0.128065E-01
   0.157000E+02   0.556369E+01  -0.123986E-01
   0.157500E+02   0.556473E+01  -0.119379E-01
   0.158000E+02   0.556593E+01  -0.110609E-01
   0.158500E+02   0.556714E+01  -0.102259E-01
   0.159000E+02   0.556794E+01  -0.102521E-01
   0.159500E+02   0.556731E+01  -0.110037E-01
   0.160000E+02   0.556434E+01  -0.116413E-01
   0.160500E+02   0.556027E+01  -0.119310E-01
   0.161000E+02   0.555808E+01  -0.112131E-01
   0.161500E+02   0.555891E+01  -0.898761E-02
   0.162000E+02   0.556122E+01  -0.682875E-02
   0.162500E+02   0.556317E+01  -0.608281E-02
   0.163000E+02   0.556395E+01  -0.637263E-02
   0.163500E+02   0.556310E+01  -0.745557E-02
   0.164000E+02   0.556097E+01  -0.944067E-02
   0.164500E+02   0.555951E+01  -0.117719E-01
   0.165000E+02   0.556056E+01  -0.138739E-01
   0.165500E+02   0.556385E+01  -0.154781E-01
   0.166000E+02   0.556727E+01  -0.164092E-01
   0.166500E+02   0.556845E+01  -0.165178E-01
   0.167000E+02   0.556612E+01  -0.160728E-01
   0.167500E+02   0.556166E+01  -0.158861E-01
   0.168000E+02   0.555782E+01  -0.165268E-01
   0.168500E+02   0.555559E+01  -0.176241E-01
   0.169000E+02   0.555441E+01  -0.183708E-01
   0.169500E+02   0.555368E+01  -0.188085E-01
   0.170000E+02   0.555261E+01  -0.193239E-01
   0.170500E+02   0.555052E+01  -0.197229E-01
   0.171000E+02   0.554765E+01  -0.198356E-01
   0.171500E+02   0.554572E+01  -0.197848E-01
   0.172000E+02   0.554658E+01  -0.198446E-01
   0.172500E+02   0.554968E+01  -0.198907E-01
   0.173000E+02   0.555264E+01  -0.192257E-01
   0.173500E+02   0.555441E+01  -0.175529E-01
   0.174000E+02   0.555580E+01  -0.156313E-01
   0.174500E+02   0.555775E+01  -0.147124E-01
   0.175000E+02   0.556040E+01  -0.150521E-01
   0.175500E+02   0.556305E+01  -0.157101E-01
   0.176000E+02   0.556510E+01  -0.154271E-01
   0.176500E+02   0.556679E+01  -0.134732E-01
   0.177000E+02   0.556845E+01  -0.103686E-01
   0.177500E+02   0.556969E+01  -0.707439E-02
   0.178000E+02   0.556969E+01  -0.435109E-02
   0.178500E+02   0.556838E+01  -0.324468E-02
   0.179000E+02   0.556701E+01  -0.451455E-02
   0.179500E+02   0.556730E+01  -0.761755E-02
   0.180000E+02   0.556958E+01  -0.111082E-01
   0.180500E+02   0.557303E+01  -0.134147E-01
   0.181000E+02   0.557734E+01  -0.140618E-01
   0.181500E+02   0.558262E+01  -0.141373E-01
   0.182000E+02   0.558848E+01  -0.143169E-01
   0.182500E+02   0.559429E+01  -0.137600E-01
   0.183000E+02   0.559942E+01  -0.125471E-01
   0.183500E+02   0.560233E+01  -0.118988E-01
   0.184000E+02   0.560219E+01  -0.122375E-01
   0.184500E+02   0.560030E+01  -0.140124E-01
   0.185000E+02   0.559825E+01  -0.175465E-01
   0.185500E+02   0.559749E+01  -0.213536E-01
   0.186000E+02   0.559846E+01  -0.225852E-01
   0.186500E+02   0.559905E+01  -0.204686E-01
   0.187000E+02   0.559766E+01  -0.167096E-01
   0.187500E+02   0.559587E+01  -0.127332E-01
   0.188000E+02   0.559530E+01  -0.902504E-02
   0.188500E+02   0.559525E+01  -0.648080E-02
   0.189000E+02   0.559465E+01  -0.467729E-02
   0.189500E+02   0.559341E+01  -0.136306E-02
   0.190000E+02   0.559282E+01   0.420564E-02
   0.190500E+02   0.559506E+01   0.102620E-01
   0.191000E+02   0.559983E+01   0.142216E-01
   0.191500E+02   0.560473E+01   0.147363E-01
   0.192000E+02   0.560893E+01   0.126455E-01
   0.192500E+02   0.561291E+01   0.935379E-02
   0.193000E+02   0.561583E+01   0.578467E-02
   0.193500E+02   0.561636E+01   0.222991E-02
   0.194000E+02   0.561436E+01  -0.164190E-02
   0.194500E+02   0.561122E+01  -0.630347E-02
   0.195000E+02   0.560940E+01  -0.106530E-01
   0.195500E+02   0.561024E+01  -0.126946E-01
   0.196000E+02   0.561321E+01  -0.122220E-01
   0.196500E+02   0.561778E+01  -0.106338E-01
   0.197000E+02   0.562440E+01  -0.881517E-02
   0.197500E+02   0.563316E+01  -0.680394E-02
   0.198000E+02   0.564257E+01  -0.489009E-02
   0.198500E+02   0.565094E+01  -0.326331E-02
   0.199000E+02   0.565772E+01  -0.131981E-02
   0.199500E+02   0.566244E+01   0.134086E-02
   0.200000E+02   0.566337E+01   0.427094E-02
   0.200500E+02   0.565885E+01   0.723280E-02
   0.201000E+02   0.564965E+01   0.105817E-01
   0.201500E+02   0.563862E+01   0.138634E-01
   0.202000E+02   0.562778E+01   0.159164E-01
   0.202500E+02   0.561775E+01   0.163503E-01
   0.203000E+02   0.560905E+01   0.148860E-01
   0.203500E+02   0.560150E+01   0.114327E-01
   0.204000E+02   0.559488E+01   0.704154E-02
   0.204500E+02   0.558992E+01   0.322791E-02
   0.205000E+02   0.558789E+01   0.170067E-03
   0.205500E+02   0.558986E+01  -0.200661E-02
   0.206000E+02   0.559669E+01  -0.250184E-02
   0.206500E+02   0.560790E+01  -0.171714E-02
   0.207000E+02   0.562081E+01   0.245168E-04
   0.207500E+02   0.563273E+01   0.304747E-02
   0.208000E+02   0.564093E+01   0.674073E-02
   0.208500E+02   0.564335E+01   0.114392E-01
   0.209000E+02   0.564067E+01   0.177931E-01
   0.209500E+02   0.563457E+01   0.234233E-01
   0.210000E+02   0.562589E+01   0.260188E-01
   0.210500E+02   0.561519E+01   0.261054E-01
   0.211000E+02   0.560179E+01   0.244673E-01
   0.211500E+02   0.558745E+01   0.215338E-01
   0.212000E+02   0.557729E+01   0.175948E-01
   0.212500E+02   0.557406E+01   0.119429E-01
   0.213000E+02   0.557660E+01   0.481556E-02
   0.213500E+02   0.558347E+01  -0.132692E-02
   0.214000E+02   0.559398E+01  -0.439093E-02
   0.214500E+02   0.560685E+01  -0.621128E-02
   0.215000E+02   0.562065E+01  -0.860775E-02
   0.215500E+02   0.563457E+01  -0.972537E-02
   0.216000E+02   0.564789E+01  -0.864483E-02
   0.216500E+02   0.565883E+01  -0.691234E-02
   0.217000E+02   0.566550E+01  -0.550849E-02
   0.217500E+02   0.566725E+01  -0.443818E-02
   0.218000E+02   0.566494E+01  -0.389972E-02
   0.218500E+02   0.565986E+01  -0.455314E-02
   0.219000E+02   0.565318E+01  -0.630979E-02
   0.219500E+02   0.564532E+01  -0.822696E-02
   0.220000E+02   0.563589E+01  -0.938468E-02
   0.220500E+02   0.562546E+01  -0.101690E-01
   0.221000E+02   0.561535E+01  -0.114490E-01
   0.221500E+02   0.560657E+01  -0.129458E-01
   0.222000E+02   0.560110E+01  -0.139256E-01
   0.222500E+02   0.560057E+01  -0.140385E-01
   0.223000E+02   0.560451E+01  -0.134828E-01
   0.223500E+02   0.561173E+01  -0.135996E-01
   0.224000E+02   0.562141E+01  -0.162459E-01
   0.224500E+02   0.563218E+01  -0.213817E-01
   0.225000E+02   0.564164E+01  -0.267643E-01
   0.225500E+02   0.564749E+01  -0.301876E-01
   0.226000E+02   0.564938E+01  -0.311545E-01
   0.226500E+02   0.564898E+01  -0.306014E-01
   0.227000E+02   0.564785E+01  -0.289560E-01
   0.227500E+02   0.564713E+01  -0.259538E-01
   0.228000E+02   0.564756E+01  -0.220149E-01
   0.228500E+02   0.564893E+01  -0.179174E-01
   0.229000E+02   0.565048E+01  -0.152804E-01
   0.229500E+02   0.565177E+01  -0.149455E-01
   0.230000E+02   0.565363E+01  -0.159817E-01
   0.230500E+02   0.565724E+01  -0.171728E-01
   0.231000E+02   0.566160E+01  -0.170755E-01
   0.231500E+02   0.566513E+01  -0.139029E-01
   0.232000E+02   0.566705E+01  -0.695810E-02
   0.232500E+02   0.566630E+01   0.128896E-02
   0.233000E+02   0.566215E+01   0.794086E-02
   0.233500E+02   0.565524E+01   0.133163E-01
   0.234000E+02   0.564705E+01   0.186938E-01
   0.234500E+02   0.563988E+01   0.227817E-01
   0.235000E+02   0.563594E+01   0.227595E-01
   0.235500E+02   0.563523E+01   0.183695E-01
   0.236000E+02   0.563635E+01   0.120897E-01
   0.236500E+02   0.563916E+01   0.601135E-02
   0.237000E+02   0.564444E+01   0.112613E-02
   0.237500E+02   0.565217E+01  -0.120885E-02
   0.238000E+02   0.566152E+01  -0.203521E-03
   0.238500E+02   0.567191E+01   0.198755E-02
   0.239000E+02   0.568268E+01   0.236038E-02
   0.239500E+02   0.569172E+01   0.755570E-03
   0.240000E+02   0.569585E+01  -0.174838E-02
   0.240500E+02   0.569285E+01  -0.441029E-02
   0.241000E+02   0.568334E+01  -0.635722E-02
   0.241500E+02   0.567011E+01  -0.750586E-02
   0.242000E+02   0.565571E+01  -0.825504E-02
   0.242500E+02   0.564141E+01  -0.803816E-02
   0.243000E+02   0.562776E+01  -0.575847E-02
   0.243500E+02   0.561570E+01  -0.705692E-03
   0.244000E+02   0.560651E+01   0.667037E-02
   0.244500E+02   0.560072E+01   0.152325E-01
   0.245000E+02   0.559796E+01   0.236740E-01
   0.245500E+02   0.559785E+01   0.298488E-01
   0.246000E+02   0.559977E+01   0.314109E-01
   0.246500E+02   0.560333E+01   0.280589E-01
   0.247000E+02   0.560862E+01   0.227482E-01
   0.247500E+02   0.561566E+01   0.194315E-01
   0.248000E+02   0.562436E+01   0.185975E-01
   0.248500E+02   0.563366E+01   0.180632E-01
   0.249000E+02   0.564124E+01   0.174803E-01
   0.249500E+02   0.564579E+01   0.181760E-01
   0.250000E+02   0.564808E+01   0.201637E-01
   0.250500E+02   0.564862E+01   0.216439E-01
   0.251000E+02   0.564658E+01   0.211802E-01
   0.251500E+02   0.564159E+01   0.188334E-01
   0.252000E+02   0.563478E+01   0.156310E-01
   0.252500E+02   0.562666E+01   0.124904E-01
   0.253000E+02   0.561643E+01   0.100984E-01
   0.253500E+02   0.560490E+01   0.922898E-02
   0.254000E+02   0.559510E+01   0.101585E-01
   0.254500E+02   0.558939E+01   0.123853E-01
   0.255000E+02   0.558785E+01   0.156818E-01
   0.255500E+02   0.558992E+01   0.208948E-01
   0.256000E+02   0.559512E+01   0.286273E-01
   0.256500E+02   0.560185E+01   0.372411E-01
   0.257000E+02   0.560775E+01   0.444223E-01
   0.257500E+02   0.561080E+01   0.492169E-01
   0.258000E+02   0.560983E+01   0.510645E-01
   0.258500E+02   0.560559E+01   0.494906E-01
   0.259000E+02   0.560099E+01   0.451821E-01
   0.259500E+02   0.559926E+01   0.401339E-01
   0.260000E+02   0.560079E+01   0.363326E-01
   0.260500E+02   0.560313E+01   0.344966E-01
   0.261000E+02   0.560422E+01   0.345008E-01
   0.261500E+02   0.560427E+01   0.362501E-01
   0.262000E+02   0.560466E+01   0.392084E-01
   0.262500E+02   0.560667E+01   0.425287E-01
   0.263000E+02   0.561127E+01   0.453761E-01
   0.263500E+02   0.561839E+01   0.468152E-01
   0.264000E+02   0.562674E+01   0.470900E-01
   0.264500E+02   0.563524E+01   0.474548E-01
   0.265000E+02   0.564313E+01   0.478989E-01
   0.265500E+02   0.564853E+01   0.471148E-01
   0.266000E+02   0.564943E+01   0.447855E-01
   0.266500E+02   0.564614E+01   0.420890E-01
   0.267000E+02   0.564013E+01   0.395449E-01
   0.267500E+02   0.563173E+01   0.358102E-01
   0.268000E+02   0.562151E+01   0.305538E-01
   0.268500E+02   0.561205E+01   0.265503E-01
   0.269000E+02   0.560569E+01   0.266741E-01
   0.269500E+02   0.560339E+01   0.315155E-01
   0.270000E+02   0.560551E+01   0.391237E-01
   0.270500E+02   0.561207E+01   0.457008E-01
   0.271000E+02   0.562282E+01   0.483596E-01
   0.271500E+02   0.563575E+01   0.478382E-01
   0.272000E+02   0.564774E+01   0.466622E-01
   0.272500E+02   0.565576E+01   0.454133E-01
   0.273000E+02   0.565792E+01   0.431970E-01
   0.273500E+02   0.565524E+01   0.405584E-01
   0.274000E+02   0.565052E+01   0.391626E-01
   0.274500E+02   0.564532E+01   0.390261E-01
   0.275000E+02   0.563941E+01   0.388992E-01
   0.275500E+02   0.563317E+01   0.381271E-01
   0.276000E+02   0.562780E+01   0.364181E-01
   0.276500E+02   0.562356E+01   0.333787E-01
   0.277000E+02   0.562000E+01   0.294377E-01
   0.277500E+02   0.561584E+01   0.259547E-01
   0.278000E+02   0.561118E+01   0.235266E-01
   0.278500E+02   0.560758E+01   0.212039E-01
   0.279000E+02   0.560523E+01   0.179825E-01
   0.279500E+02   0.560277E+01   0.137298E-01
   0.280000E+02   0.559979E+01   0.100616E-01
   0.280500E+02   0.559846E+01   0.100942E-01
   0.281000E+02   0.560053E+01   0.148003E-01
   0.281500E+02   0.560512E+01   0.218131E-01
   0.282000E+02   0.561012E+01   0.286197E-01
   0.282500E+02   0.561395E+01   0.338309E-01
   0.283000E+02   0.561558E+01   0.365599E-01
   0.283500E+02   0.561394E+01   0.362616E-01
   0.284000E+02   0.560860E+01   0.332853E-01
   0.284500E+02   0.559998E+01   0.281339E-01
   0.285000E+02   0.558855E+01   0.216113E-01
   0.285500E+02   0.557589E+01   0.155586E-01
   0.286000E+02   0.556521E+01   0.110682E-01
   0.286500E+02   0.555888E+01   0.799619E-02
   0.287000E+02   0.555708E+01   0.629259E-02
   0.287500E+02   0.555882E+01   0.623867E-02
   0.288000E+02   0.556257E+01   0.769928E-02
   0.288500E+02   0.556661E+01   0.100879E-01
   0.289000E+02   0.557008E+01   0.125072E-01
   0.289500E+02   0.557293E+01   0.137167E-01
   0.290000E+02   0.557515E+01   0.123617E-01
   0.290500E+02   0.557742E+01   0.803902E-02
   0.291000E+02   0.558077E+01   0.307857E-02
   0.291500E+02   0.558589E+01   0.898692E-03
   0.292000E+02   0.559284E+01   0.348956E-02
   0.292500E+02   0.560076E+01   0.102362E-01
   0.293000E+02   0.560858E+01   0.178311E-01
   0.293500E+02   0.561485E+01   0.231340E-01
   0.294000E+02   0.561900E+01   0.261672E-01
   0.294500E+02   0.562190E+01   0.277754E-01
   0.295000E+02   0.562384E+01   0.272181E-01
   0.295500E+02   0.562421E+01   0.242097E-01
   0.296000E+02   0.562281E+01   0.197921E-01
   0.296500E+02   0.561864E+01   0.150645E-01
   0.297000E+02   0.561119E+01   0.108332E-01
   0.297500E+02   0.560129E+01   0.678986E-02
   0.298000E+02   0.558936E+01   0.178173E-02
   0.298500E+02   0.557706E+01  -0.481575E-02
   0.299000E+02   0.556863E+01  -0.120152E-01
   0.299500E+02   0.556584E+01  -0.170506E-01
   0.300000E+02   0.556530E+01  -0.176724E-01
   0.300500E+02   0.556365E+01  -0.140452E-01
   0.301000E+02   0.556108E+01  -0.896514E-02
   0.301500E+02   0.556086E+01  -0.626199E-02
   0.302000E+02   0.556592E+01  -0.652643E-02
   0.302500E+02   0.557615E+01  -0.746876E-02
   0.303000E+02   0.558915E+01  -0.843614E-02
   0.303500E+02   0.560261E+01  -0.102586E-01
   0.304000E+02   0.561564E+01  -0.124536E-01
   0.304500E+02   0.562796E+01  -0.132974E-01
   0.305000E+02   0.563938E+01  -0.117499E-01
   0.305500E+02   0.564921E+01  -0.807281E-02
   0.306000E+02   0.565539E+01  -0.333880E-02
   0.306500E+02   0.565628E+01   0.113369E-02
   0.307000E+02   0.565305E+01   0.481603E-02
   0.307500E+02   0.564723E+01   0.768797E-02
   0.308000E+02   0.563792E+01   0.888681E-02
   0.308500E+02   0.562630E+01   0.729915E-02
   0.309000E+02   0.561637E+01   0.415188E-02
   0.309500E+02   0.561021E+01   0.246482E-02
   0.310000E+02   0.560754E+01   0.368203E-02
   0.310500E+02   0.560711E+01   0.728678E-02
   0.311000E+02   0.560837E+01   0.121208E-01
   0.311500E+02   0.561138E+01   0.165915E-01
   0.312000E+02   0.561631E+01   0.190847E-01
   0.312500E+02   0.562369E+01   0.179655E-01
   0.313000E+02   0.563374E+01   0.114893E-01
   0.313500E+02   0.564531E+01   0.242151E-03
   0.314000E+02   0.565556E+01  -0.124565E-01
   0.314500E+02   0.566271E+01  -0.234750E-01
   0.315000E+02   0.566667E+01  -0.303916E-01
   0.315500E+02   0.566742E+01  -0.316075E-01
   0.316000E+02   0.566543E+01  -0.287906E-01
   0.316500E+02   0.566222E+01  -0.265988E-01
   0.317000E+02   0.565873E+01  -0.276692E-01
   0.317500E+02   0.565333E+01  -0.295765E-01
   0.318000E+02   0.564497E+01  -0.285051E-01
   0.318500E+02   0.563516E+01  -0.244076E-01
   0.319000E+02   0.562564E+01  -0.196556E-01
   0.319500E+02   0.561640E+01  -0.151090E-01
   0.320000E+02   0.560716E+01  -0.104562E-01
   0.320500E+02   0.559863E+01  -0.531005E-02
   0.321000E+02   0.559245E+01   0.701194E-04
   0.321500E+02   0.558981E+01   0.523274E-02
   0.322000E+02   0.559021E+01   0.953452E-02
   0.322500E+02   0.559200E+01   0.116557E-01
   0.323000E+02   0.559517E+01   0.117528E-01
   0.323500E+02   0.560060E+01   0.113786E-01
   0.324000E+02   0.560816E+01   0.977114E-02
   0.324500E+02   0.561771E+01   0.532474E-02
   0.325000E+02   0.562873E+01  -0.540485E-03
   0.325500E+02   0.563964E+01  -0.442242E-02
   0.326000E+02   0.564792E+01  -0.486473E-02
   0.326500E+02   0.565215E+01  -0.335791E-02
   0.327000E+02   0.565371E+01  -0.218746E-02
   0.327500E+02   0.565434E+01  -0.234776E-02
   0.328000E+02   0.565322E+01  -0.270216E-02
   0.328500E+02   0.564886E+01  -0.240914E-02
   0.329000E+02   0.564131E+01  -0.192822E-02
   0.329500E+02   0.563150E+01  -0.163565E-02
   0.330000E+02   0.562106E+01  -0.249661E-02
   0.330500E+02   0.561153E+01  -0.467299E-02
   0.331000E+02   0.560299E+01  -0.607867E-02
   0.331500E+02   0.559472E+01  -0.438729E-02
   0.332000E+02   0.558644E+01   0.837739E-03
   0.332500E+02   0.557994E+01   0.757025E-02
   0.333000E+02   0.557815E+01   0.129257E-01
   0.333500E+02   0.558173E+01   0.154180E-01
   0.334000E+02   0.558900E+01   0.159893E-01
   0.334500E+02   0.559822E+01   0.163465E-01
   0.335000E+02   0.560772E+01   0.169748E-01
   0.335500E+02   0.561570E+01   0.177669E-01
   0.336000E+02   0.562160E+01   0.182005E-01
   0.336500E+02   0.562623E+01   0.170688E-01
   0.337000E+02   0.562894E+01   0.145049E-01
   0.337500E+02   0.562853E+01   0.118652E-01
   0.338000E+02   0.562555E+01   0.972882E-02
   0.338500E+02   0.562108E+01   0.818391E-02
   0.339000E+02   0.561559E+01   0.725625E-02
   0.339500E+02   0.561026E+01   0.719245E-02
   0.340000E+02   0.560751E+01   0.799322E-02
   0.340500E+02   0.560873E+01   0.883572E-02
   0.341000E+02   0.561336E+01   0.945408E-02
   0.341500E+02   0.561955E+01   0.118036E-01
   0.342000E+02   0.562600E+01   0.166520E-01
   0.342500E+02   0.563377E+01   0.221994E-01
   0.343000E+02   0.564473E+01   0.273974E-01
   0.343500E+02   0.565764E+01   0.312984E-01
   0.344000E+02   0.566763E+01   0.317546E-01
   0.344500E+02   0.567123E+01   0.286654E-01
   0.345000E+02   0.567021E+01   0.246381E-01
   0.345500E+02   0.566886E+01   0.221537E-01
   0.346000E+02   0.566918E+01   0.213917E-01
   0.346500E+02   0.566966E+01   0.201736E-01
   0.347000E+02   0.566817E+01   0.158732E-01
   0.347500E+02   0.566471E+01   0.784382E-02
   0.348000E+02   0.566037E+01  -0.115870E-02
   0.348500E+02   0.565514E+01  -0.742332E-02
   0.349000E+02   0.564926E+01  -0.931213E-02
   0.349500E+02   0.564399E+01  -0.771323E-02
   0.350000E+02   0.563884E+01  -0.507685E-02
   0.350500E+02   0.563163E+01  -0.399951E-02
   0.351000E+02   0.562152E+01  -0.630183E-02
   0.351500E+02   0.561092E+01  -0.110261E-01
   0.352000E+02   0.560263E+01  -0.143182E-01
   0.352500E+02   0.559689E+01  -0.143630E-01
   0.353000E+02   0.559317E+01  -0.130308E-01
   0.353500E+02   0.559198E+01  -0.109860E-01
   0.354000E+02   0.559411E+01  -0.649366E-02
   0.354500E+02   0.560013E+01   0.131698E-03
   0.355000E+02   0.560946E+01   0.592471E-02
   0.355500E+02   0.561992E+01   0.898671E-02
   0.356000E+02   0.562938E+01   0.101611E-01
   0.356500E+02   0.563694E+01   0.104009E-01
   0.357000E+02   0.564305E+01   0.100205E-01
   0.357500E+02   0.564870E+01   0.991771E-02
   0.358000E+02   0.565454E+01   0.959476E-02
   0.358500E+02   0.566044E+01   0.744488E-02
   0.359000E+02   0.566445E+01   0.409839E-02
   0.359500E+02   0.566447E+01   0.150665E-02
   0.360000E+02   0.566079E+01   0.317577E-03
   0.360500E+02   0.565566E+01   0.360590E-03
   0.361000E+02   0.565111E+01   0.102493E-02
   0.361500E+02   0.564730E+01   0.142526E-02
   0.362000E+02   0.564387E+01   0.122741E-02
   0.362500E+02   0.564211E+01  -0.366057E-04
   0.363000E+02   0.564333E+01  -0.204554E-02
   0.363500E+02   0.564709E+01  -0.388402E-02
   0.364000E+02   0.565131E+01  -0.604320E-02
   0.364500E+02   0.565308E+01  -0.866460E-02
   0.365000E+02   0.565143E+01  -0.102607E-01
   0.365500E+02   0.564922E+01  -0.100556E-01
   0.366000E+02   0.564934E+01  -0.859751E-02
   0.366500E+02   0.565191E+01  -0.596571E-02
   0.367000E+02   0.565531E+01  -0.152855E-02
   0.367500E+02   0.565773E+01   0.494584E-02
   0.368000E+02   0.565788E+01   0.119739E-01
   0.368500E+02   0.565635E+01   0.169152E-01
   0.369000E+02   0.565519E+01   0.188587E-01
   0.369500E+02   0.565562E+01   0.200385E-01
   0.370000E+02   0.565730E+01   0.229206E-01
   0.370500E+02   0.565861E+01   0.259249E-01
   0.371000E+02   0.565737E+01   0.254540E-01
   0.371500E+02   0.565318E+01   0.215629E-01
   0.372000E+02   0.564755E+01   0.178277E-01
   0.372500E+02   0.564071E+01   0.167156E-01
   0.373000E+02   0.563300E+01   0.179887E-01
   0.373500E+02   0.562652E+01   0.196541E-01
   0.374000E+02   0.562313E+01   0.194780E-01
   0.374500E+02   0.562356E+01   0.171973E-01
   0.375000E+02   0.562729E+01   0.150084E-01
   0.375500E+02   0.563228E+01   0.146033E-01
   0.376000E+02   0.563720E+01   0.151161E-01
   0.376500E+02   0.564335E+01   0.158619E-01
   0.377000E+02   0.565154E+01   0.174545E-01
   0.377500E+02   0.565993E+01   0.206262E-01
   0.378000E+02   0.566728E+01   0.253945E-01
   0.378500E+02   0.567492E+01   0.296770E-01
   0.379000E+02   0.568487E+01   0.315448E-01
   0.379500E+02   0.569672E+01   0.307189E-01
   0.380000E+02   0.570761E+01   0.279666E-01
   0.380500E+02   0.571458E+01   0.254980E-01
   0.381000E+02   0.571564E+01   0.255585E-01
   0.381500E+02   0.571111E+01   0.271102E-01
   0.382000E+02   0.570426E+01   0.286308E-01
   0.382500E+02   0.569836E+01   0.310968E-01
   0.383000E+02   0.569402E+01   0.343079E-01
   0.383500E+02   0.569035E+01   0.361824E-01
   0.384000E+02   0.568584E+01   0.356236E-01
   0.384500E+02   0.567908E+01   0.325848E-01
   0.385000E+02   0.567010E+01   0.285462E-01
   0.385500E+02   0.565927E+01   0.260048E-01
   0.386000E+02   0.564671E+01   0.253795E-01
   0.386500E+02   0.563374E+01   0.258861E-01
   0.387000E+02   0.562295E+01   0.278659E-01
   0.387500E+02   0.561595E+01   0.302281E-01
   0.388000E+02   0.561104E+01   0.297676E-01
   0.388500E+02   0.560517E+01   0.262373E-01
   0.389000E+02   0.559714E+01   0.220119E-01
   0.389500E+02   0.558886E+01   0.185911E-01
   0.390000E+02   0.558505E+01   0.177714E-01
   0.390500E+02   0.558854E+01   0.206103E-01
   0.391000E+02   0.559734E+01   0.256359E-01
   0.391500E+02   0.560692E+01   0.306221E-01
   0.392000E+02   0.561356E+01   0.342712E-01
   0.392500E+02   0.561781E+01   0.360313E-01
   0.393000E+02   0.562437E+01   0.358913E-01
   0.393500E+02   0.563628E+01   0.344633E-01
   0.394000E+02   0.565102E+01   0.325394E-01
   0.394500E+02   0.566446E+01   0.306612E-01
   0.395000E+02   0.567367E+01   0.295332E-01
   0.395500E+02   0.567670E+01   0.300947E-01
   0.396000E+02   0.567408E+01   0.320603E-01
   0.396500E+02   0.566873E+01   0.333288E-01
   0.397000E+02   0.566488E+01   0.317164E-01
   0.397500E+02   0.566431E+01   0.267354E-01
   0.398000E+02   0.566492E+01   0.206010E-01
   0.398500E+02   0.566469E+01   0.170186E-01
   0.399000E+02   0.566327E+01   0.173763E-01
   0.399500E+02   0.566075E+01   0.195633E-01
   0.400000E+02   0.565732E+01   0.215471E-01
   0.400500E+02   0.565367E+01   0.227006E-01
   0.401000E+02   0.565073E+01   0.225862E-01
   0.401500E+02   0.564962E+01   0.226638E-01
   0.402000E+02   0.565068E+01   0.239329E-01
   0.402500E+02   0.565202E+01   0.253599E-01
   0.403000E+02   0.565118E+01   0.260395E-01
   0.403500E+02   0.564791E+01   0.262745E-01
   0.404000E+02   0.564346E+01   0.288123E-01
   0.404500E+02   0.563873E+01   0.348414E-01
   0.405000E+02   0.563492E+01   0.407049E-01
   0.405500E+02   0.563338E+01   0.415046E-01
   0.406000E+02   0.563188E+01   0.358520E-01
   0.406500E+02   0.562718E+01   0.262589E-01
   0.407000E+02   0.562014E+01   0.159074E-01
   0.407500E+02   0.561327E+01   0.717805E-02
   0.408000E+02   0.560735E+01   0.128395E-02
   0.408500E+02   0.560406E+01  -0.199823E-02
   0.409000E+02   0.560510E+01  -0.233405E-02
   0.409500E+02   0.560829E+01   0.105549E-02
   0.410000E+02   0.561005E+01   0.737903E-02
   0.410500E+02   0.561018E+01   0.169823E-01
   0.411000E+02   0.561087E+01   0.301605E-01
   0.411500E+02   0.561251E+01   0.424321E-01
   0.412000E+02   0.561423E+01   0.490037E-01
   0.412500E+02   0.561644E+01   0.504940E-01
   0.413000E+02   0.562116E+01   0.511257E-01
   0.413500E+02   0.563040E+01   0.532852E-01
   0.414000E+02   0.564230E+01   0.554654E-01
   0.414500E+02   0.565187E+01   0.559455E-01
   0.415000E+02   0.565586E+01   0.547659E-01
   0.415500E+02   0.565598E+01   0.515168E-01
   0.416000E+02   0.565582E+01   0.461259E-01
   0.416500E+02   0.565607E+01   0.403459E-01
   0.417000E+02   0.565653E+01   0.351144E-01
   0.417500E+02   0.565653E+01   0.293456E-01
   0.418000E+02   0.565364E+01   0.232944E-01
   0.418500E+02   0.564746E+01   0.189865E-01
   0.419000E+02   0.564049E+01   0.182752E-01
   0.419500E+02   0.563391E+01   0.210357E-01
   0.420000E+02   0.562688E+01   0.241553E-01
   0.420500E+02   0.561821E+01   0.239089E-01
   0.421000E+02   0.560757E+01   0.196161E-01
   0.421500E+02   0.559532E+01   0.147945E-01
   0.422000E+02   0.558166E+01   0.137888E-01
   0.422500E+02   0.556660E+01   0.167593E-01
   0.423000E+02   0.555187E+01   0.200318E-01
   0.423500E+02   0.554126E+01   0.210993E-01
   0.424000E+02   0.553770E+01   0.216732E-01
   0.424500E+02   0.554102E+01   0.253748E-01
   0.425000E+02   0.554950E+01   0.330876E-01
   0.425500E+02   0.556179E+01   0.423141E-01
   0.426000E+02   0.557599E+01   0.496757E-01
   0.426500E+02   0.558981E+01   0.524885E-01
   0.427000E+02   0.560312E+01   0.507581E-01
   0.427500E+02   0.561553E+01   0.467473E-01
   0.428000E+02   0.562529E+01   0.417380E-01
   0.428500E+02   0.563213E+01   0.356972E-01
   0.429000E+02   0.563738E+01   0.284188E-01
   0.429500E+02   0.564211E+01   0.210057E-01
   0.430000E+02   0.564569E+01   0.153526E-01
   0.430500E+02   0.564709E+01   0.124059E-01
   0.431000E+02   0.564665E+01   0.118251E-01
   0.431500E+02   0.564527E+01   0.127198E-01
   0.432000E+02   0.564193E+01   0.144631E-01
   0.432500E+02   0.563544E+01   0.151734E-01
   0.433000E+02   0.562877E+01   0.127748E-01
   0.433500E+02   0.562633E+01   0.705812E-02
   0.434000E+02   0.562813E+01   0.246159E-03
   0.434500E+02   0.563131E+01  -0.510803E-02
   0.435000E+02   0.563455E+01  -0.863896E-02
   0.435500E+02   0.563823E+01  -0.116626E-01
   0.436000E+02   0.564371E+01  -0.144520E-01
   0.436500E+02   0.565052E+01  -0.161523E-01
   0.437000E+02   0.565431E+01  -0.168810E-01
   0.437500E+02   0.565167E+01  -0.177393E-01
   0.438000E+02   0.564395E+01  -0.184253E-01
   0.438500E+02   0.563413E+01  -0.169607E-01
   0.439000E+02   0.562432E+01  -0.131174E-01
   0.439500E+02   0.561578E+01  -0.913396E-02
   0.440000E+02   0.560837E+01  -0.634450E-02
   0.440500E+02   0.560225E+01  -0.415885E-02
   0.441000E+02   0.559908E+01  -0.118987E-02
   0.441500E+02   0.559896E+01   0.346537E-02
   0.442000E+02   0.559967E+01   0.865909E-02
   0.442500E+02   0.560050E+01   0.116786E-01
   0.443000E+02   0.560358E+01   0.101740E-01
   0.443500E+02   0.560990E+01   0.458852E-02
   0.444000E+02   0.561716E+01  -0.145888E-02
   0.444500E+02   0.562334E+01  -0.521174E-02
   0.445000E+02   0.562938E+01  -0.722496E-02
   0.445500E+02   0.563756E+01  -0.939708E-02
   0.446000E+02   0.564900E+01  -0.122745E-01
   0.446500E+02   0.566237E+01  -0.144056E-01
   0.447000E+02   0.567537E+01  -0.144239E-01
   0.447500E+02   0.568708E+01  -0.124280E-01
   0.448000E+02   0.569737E+01  -0.102949E-01
   0.448500E+02   0.570687E+01  -0.112292E-01
   0.449000E+02   0.571555E+01  -0.161264E-01
   0.449500E+02   0.572108E+01  -0.217871E-01
   0.450000E+02   0.572105E+01  -0.252374E-01
   0.450500E+02   0.571588E+01  -0.272999E-01
   0.451000E+02   0.570831E+01  -0.300085E-01
   0.451500E+02   0.570016E+01  -0.331366E-01
   0.452000E+02   0.569104E+01  -0.342804E-01
   0.452500E+02   0.567988E+01  -0.314340E-01
   0.453000E+02   0.566661E+01  -0.246035E-01
   0.453500E+02   0.565255E+01  -0.157105E-01
   0.454000E+02   0.563955E+01  -0.757359E-02
   0.454500E+02   0.562930E+01  -0.275667E-02
   0.455000E+02   0.562249E+01  -0.139426E-02
   0.455500E+02   0.561800E+01  -0.512531E-03
   0.456000E+02   0.561480E+01   0.248689E-02
   0.456500E+02   0.561321E+01   0.745678E-02
   0.457000E+02   0.561268E+01   0.129027E-01
   0.457500E+02   0.561124E+01   0.182405E-01
   0.458000E+02   0.560887E+01   0.226557E-01
   0.458500E+02   0.560858E+01   0.240522E-01
   0.459000E+02   0.561192E+01   0.217066E-01
   0.459500E+02   0.561743E+01   0.166958E-01
   0.460000E+02   0.562440E+01   0.112932E-01
   0.460500E+02   0.563294E+01   0.846153E-02
   0.461000E+02   0.564160E+01   0.105324E-01
   0.461500E+02   0.564819E+01   0.172424E-01
   0.462000E+02   0.565225E+01   0.256436E-01
   0.462500E+02   0.565482E+01   0.326879E-01
   0.463000E+02   0.565733E+01   0.369442E-01
   0.463500E+02   0.566043E+01   0.388327E-01
   0.464000E+02   0.566424E+01   0.393897E-01
   0.464500E+02   0.566943E+01   0.388518E-01
   0.465000E+02   0.567621E+01   0.368122E-01
   0.465500E+02   0.568384E+01   0.328623E-01
   0.466000E+02   0.569156E+01   0.276428E-01
   0.466500E+02   0.569820E+01   0.236779E-01
   0.467000E+02   0.570211E+01   0.232885E-01
   0.467500E+02   0.570250E+01   0.263128E-01
   0.468000E+02   0.570008E+01   0.308885E-01
   0.468500E+02   0.569577E+01   0.360253E-01
   0.469000E+02   0.568964E+01   0.408160E-01
   0.469500E+02   0.568168E+01   0.439178E-01
   0.470000E+02   0.567197E+01   0.455542E-01
   0.470500E+02   0.566089E+01   0.472871E-01
   0.471000E+02   0.564939E+01   0.500484E-01
   0.471500E+02   0.563883E+01   0.532443E-01
   0.472000E+02   0.563136E+01   0.567054E-01
   0.472500E+02   0.562748E+01   0.603467E-01
   0.473000E+02   0.562379E+01   0.626498E-01
   0.473500E+02   0.561721E+01   0.623231E-01
   0.474000E+02   0.560905E+01   0.602041E-01
   0.474500E+02   0.560160E+01   0.579922E-01
   0.475000E+02   0.559527E+01   0.561200E-01
   0.475500E+02   0.559135E+01   0.549360E-01
   0.476000E+02   0.559256E+01   0.548806E-01
   0.476500E+02   0.559991E+01   0.541482E-01
   0.477000E+02   0.561203E+01   0.503590E-01
   0.477500E+02   0.562717E+01   0.440172E-01
   0.478000E+02   0.564426E+01   0.384656E-01
   0.478500E+02   0.566170E+01   0.363182E-01
   0.479000E+02   0.567677E+01   0.371643E-01
   0.479500E+02   0.568735E+01   0.390937E-01
   0.480000E+02   0.569448E+01   0.402576E-01
   0.480500E+02   0.570050E+01   0.400657E-01
   0.481000E+02   0.570605E+01   0.401340E-01
   0.481500E+02   0.570995E+01   0.428976E-01
   0.482000E+02   0.570963E+01   0.490571E-01
   0.482500E+02   0.570453E+01   0.571589E-01
   0.483000E+02   0.569792E+01   0.646122E-01
   0.483500E+02   0.569309E+01   0.688037E-01
   0.484000E+02   0.569083E+01   0.678512E-01
   0.484500E+02   0.568968E+01   0.616228E-01
   0.485000E+02   0.568707E+01   0.525252E-01
   0.485500E+02   0.568017E+01   0.446166E-01
   0.486000E+02   0.566779E+01   0.403057E-01
   0.486500E+02   0.565262E+01   0.393241E-01
   0.487000E+02   0.563753E+01   0.407609E-01
   0.487500E+02   0.562380E+01   0.422742E-01
   0.488000E+02   0.561361E+01   0.398482E-01
   0.488500E+02   0.560819E+01   0.315881E-01
   0.489000E+02   0.560632E+01   0.198949E-01
   0.489500E+02   0.560565E+01   0.833905E-02
   0.490000E+02   0.560465E+01  -0.215871E-02
   0.490500E+02   0.560308E+01  -0.116465E-01
   0.491000E+02   0.560119E+01  -0.191921E-01
   0.491500E+02   0.560024E+01  -0.239509E-01
   0.492000E+02   0.560275E+01  -0.256743E-01
   0.492500E+02   0.560995E+01  -0.244067E-01
   0.493000E+02   0.561920E+01  -0.195643E-01
   0.493500E+02   0.562713E+01  -0.105043E-01
   0.494000E+02   0.563369E+01   0.293265E-03
   0.494500E+02   0.564146E+01   0.821261E-02
   0.495000E+02   0.565162E+01   0.113588E-01
   0.495500E+02   0.566357E+01   0.122597E-01
   0.496000E+02   0.567583E+01   0.137345E-01
   0.496500E+02   0.568658E+01   0.162595E-01
   0.497000E+02   0.569415E+01   0.198775E-01
   0.497500E+02   0.569771E+01   0.244131E-01
   0.498000E+02   0.569762E+01   0.286570E-01
   0.498500E+02   0.569488E+01   0.319644E-01
   0.499000E+02   0.569018E+01   0.349986E-01
   0.499500E+02   0.568418E+01   0.375295E-01
   0.500000E+02   0.567722E+01   0.383560E-01
   0.500500E+02   0.566990E+01   0.361768E-01
   0.501000E+02   0.566491E+01   0.308307E-01
   0.501500E+02   0.566402E+01   0.235272E-01
   0.502000E+02   0.566580E+01   0.152613E-01
   0.502500E+02   0.566862E+01   0.771515E-02
   0.503000E+02   0.567167E+01   0.322643E-02
   0.503500E+02   0.567338E+01   0.163513E-02
   0.504000E+02   0.567267E+01  -0.193011E-03
   0.504500E+02   0.566929E+01  -0.425206E-02
   0.505000E+02   0.566240E+01  -0.825576E-02
   0.505500E+02   0.565289E+01  -0.884518E-02
   0.506000E+02   0.564338E+01  -0.563073E-02
   0.506500E+02   0.563540E+01   0.665571E-03
   0.507000E+02   0.562918E+01   0.907775E-02
   0.507500E+02   0.562461E+01   0.174522E-01
   0.508000E+02   0.562228E+01   0.238745E-01
   0.508500E+02   0.562292E+01   0.285153E-01
   0.509000E+02   0.562475E+01   0.325025E-01
   0.509500E+02   0.562495E+01   0.357304E-01
   0.510000E+02   0.562393E+01   0.378432E-01
   0.510500E+02   0.562291E+01   0.389771E-01
   0.511000E+02   0.562257E+01   0.403054E-01
   0.511500E+02   0.562620E+01   0.429042E-01
   0.512000E+02   0.563602E+01   0.459712E-01
   0.512500E+02   0.564815E+01   0.471453E-01
   0.513000E+02   0.565774E+01   0.437307E-01
   0.513500E+02   0.566333E+01   0.347001E-01
   0.514000E+02   0.566583E+01   0.214373E-01
   0.514500E+02   0.566811E+01   0.736737E-02
   0.515000E+02   0.567293E+01  -0.422797E-02
   0.515500E+02   0.567886E+01  -0.115828E-01
   0.516000E+02   0.568144E+01  -0.142003E-01
   0.516500E+02   0.567818E+01  -0.119187E-01
   0.517000E+02   0.567042E+01  -0.565455E-02
   0.517500E+02   0.566101E+01   0.178348E-02
   0.518000E+02   0.565123E+01   0.756168E-02
   0.518500E+02   0.564209E+01   0.119843E-01
   0.519000E+02   0.563491E+01   0.169869E-01
   0.519500E+02   0.562920E+01   0.235186E-01
   0.520000E+02   0.562460E+01   0.301968E-01
   0.520500E+02   0.562194E+01   0.344614E-01
   0.521000E+02   0.562120E+01   0.364850E-01
   0.521500E+02   0.562112E+01   0.377513E-01
   0.522000E+02   0.562079E+01   0.385643E-01
   0.522500E+02   0.561976E+01   0.393748E-01
   0.523000E+02   0.561803E+01   0.405586E-01
   0.523500E+02   0.561507E+01   0.414747E-01
   0.524000E+02   0.560950E+01   0.421374E-01
   0.524500E+02   0.560169E+01   0.440091E-01
   0.525000E+02   0.559401E+01   0.482393E-01
   0.525500E+02   0.559021E+01   0.546218E-01
   0.526000E+02   0.559234E+01   0.615695E-01
   0.526500E+02   0.559802E+01   0.656895E-01
   0.527000E+02   0.560385E+01   0.640913E-01
   0.527500E+02   0.560860E+01   0.573929E-01
   0.528000E+02   0.561396E+01   0.492726E-01
   0.528500E+02   0.562111E+01   0.427130E-01
   0.529000E+02   0.562789E+01   0.383095E-01
   0.529500E+02   0.563188E+01   0.360896E-01
   0.530000E+02   0.563256E+01   0.355394E-01
   0.530500E+02   0.563105E+01   0.355811E-01
   0.531000E+02   0.562987E+01   0.356692E-01
   0.531500E+02   0.563143E+01   0.362467E-01
   0.532000E+02   0.563657E+01   0.364106E-01
   0.532500E+02   0.564303E+01   0.329156E-01
   0.533000E+02   0.564669E+01   0.243630E-01
   0.533500E+02   0.564663E+01   0.134555E-01
   0.534000E+02   0.564498E+01   0.490452E-02
   0.534500E+02   0.564239E+01   0.110416E-02
   0.535000E+02   0.563796E+01  -0.142883E-03
   0.535500E+02   0.563023E+01  -0.137349E-02
   0.536000E+02   0.561830E+01  -0.245259E-02
   0.536500E+02   0.560437E+01  -0.217135E-02
   0.537000E+02   0.559305E+01  -0.218480E-03
   0.537500E+02   0.558689E+01   0.209742E-02
   0.538000E+02   0.558428E+01   0.355951E-02
   0.538500E+02   0.558276E+01   0.616695E-02
   0.539000E+02   0.558151E+01   0.119026E-01
   0.539500E+02   0.558038E+01   0.188576E-01
   0.540000E+02   0.557895E+01   0.234713E-01
   0.540500E+02   0.557670E+01   0.236590E-01
   0.541000E+02   0.557265E+01   0.198556E-01
   0.541500E+02   0.556715E+01   0.139176E-01
   0.542000E+02   0.556391E+01   0.746513E-02
   0.542500E+02   0.556787E+01   0.248035E-02
   0.543000E+02   0.558015E+01   0.857869E-03
   0.543500E+02   0.559605E+01   0.255927E-02
   0.544000E+02   0.560981E+01   0.703015E-02
   0.544500E+02   0.561856E+01   0.144736E-01
   0.545000E+02   0.562237E+01   0.255880E-01
   0.545500E+02   0.562372E+01   0.391964E-01
   0.546000E+02   0.562589E+01   0.510664E-01
   0.546500E+02   0.563046E+01   0.566336E-01
   0.547000E+02   0.563684E+01   0.544801E-01
   0.547500E+02   0.564299E+01   0.479171E-01
   0.548000E+02   0.564697E+01   0.409623E-01
   0.548500E+02   0.564819E+01   0.347605E-01
   0.549000E+02   0.564716E+01   0.291629E-01
   0.549500E+02   0.564427E+01   0.239920E-01
   0.550000E+02   0.563874E+01   0.193353E-01
   0.550500E+02   0.562942E+01   0.156139E-01
   0.551000E+02   0.561666E+01   0.128747E-01
   0.551500E+02   0.560184E+01   0.112421E-01
   0.552000E+02   0.558538E+01   0.112530E-01
   0.552500E+02   0.556834E+01   0.113398E-01
   0.553000E+02   0.555495E+01   0.881782E-02
   0.553500E+02   0.554788E+01   0.388391E-02
   0.554000E+02   0.554466E+01  -0.907917E-03
   0.554500E+02   0.554205E+01  -0.345449E-02
   0.555000E+02   0.553972E+01  -0.370418E-02
   0.555500E+02   0.553903E+01  -0.319269E-02
   0.556000E+02   0.554062E+01  -0.235331E-02
   0.556500E+02   0.554289E+01  -0.305951E-03
   0.557000E+02   0.554316E+01   0.218861E-02
   0.557500E+02   0.554124E+01   0.410191E-02
   0.558000E+02   0.553958E+01   0.578387E-02
   0.558500E+02   0.554009E+01   0.614921E-02
   0.559000E+02   0.554124E+01   0.353373E-02
   0.559500E+02   0.554111E+01  -0.150774E-02
   0.560000E+02   0.554101E+01  -0.726811E-02
   0.560500E+02   0.554340E+01  -0.133462E-01
   0.561000E+02   0.554868E+01  -0.208433E-01
   0.561500E+02   0.555454E+01  -0.293998E-01
   0.562000E+02   0.555778E+01  -0.368016E-01
   0.562500E+02   0.555632E+01  -0.419121E-01
   0.563000E+02   0.555157E+01  -0.447954E-01
   0.563500E+02   0.554862E+01  -0.452442E-01
   0.564000E+02   0.554992E+01  -0.429247E-01
   0.564500E+02   0.555138E+01  -0.382885E-01
   0.565000E+02   0.554766E+01  -0.316646E-01
   0.565500E+02   0.553792E+01  -0.228847E-01
   0.566000E+02   0.552570E+01  -0.128511E-01
   0.566500E+02   0.551565E+01  -0.431843E-02
   0.567000E+02   0.551044E+01  -0.494189E-03
   0.567500E+02   0.551044E+01  -0.161112E-02
   0.568000E+02   0.551475E+01  -0.477005E-02
   0.568500E+02   0.552027E+01  -0.685849E-02
   0.569000E+02   0.552286E+01  -0.686892E-02
   0.569500E+02   0.552117E+01  -0.530073E-02
   0.570000E+02   0.551695E+01  -0.286254E-02
   0.570500E+02   0.551253E+01  -0.971877E-03
   0.571000E+02   0.550884E+01  -0.141590E-02
   0.571500E+02   0.550674E+01  -0.530279E-02
   0.572000E+02   0.550798E+01  -0.124184E-01
   0.572500E+02   0.551293E+01  -0.216424E-01
   0.573000E+02   0.552005E+01  -0.317038E-01
   0.573500E+02   0.552794E+01  -0.408581E-01
   0.574000E+02   0.553657E+01  -0.472956E-01
   0.574500E+02   0.554696E+01  -0.504592E-01
   0.575000E+02   0.555881E+01  -0.504357E-01
   0.575500E+02   0.556894E+01  -0.482302E-01
   0.576000E+02   0.557518E+01  -0.459213E-01
   0.576500E+02   0.557858E+01  -0.449540E-01
   0.577000E+02   0.558008E+01  -0.460491E-01
   0.577500E+02   0.557980E+01  -0.503722E-01
   0.578000E+02   0.557863E+01  -0.575133E-01
   0.578500E+02   0.557665E+01  -0.639701E-01
   0.579000E+02   0.557184E+01  -0.664620E-01
   0.579500E+02   0.556324E+01  -0.643147E-01
   0.580000E+02   0.555291E+01  -0.577452E-01
   0.580500E+02   0.554362E+01  -0.477188E-01
   0.581000E+02   0.553587E+01  -0.362565E-01
   0.581500E+02   0.552798E+01  -0.262503E-01
   0.582000E+02   0.551851E+01  -0.185957E-01
   0.582500E+02   0.550794E+01  -0.109464E-01
   0.583000E+02   0.549725E+01  -0.196413E-02
   0.583500E+02   0.548709E+01   0.667834E-02
   0.584000E+02   0.547878E+01   0.120141E-01
   0.584500E+02   0.547447E+01   0.124396E-01
   0.585000E+02   0.547563E+01   0.848893E-02
   0.585500E+02   0.548165E+01   0.226980E-02
   0.586000E+02   0.549044E+01  -0.364721E-02
   0.586500E+02   0.549893E+01  -0.688279E-02
   0.587000E+02   0.550525E+01  -0.539634E-02
   0.587500E+02   0.550879E+01   0.481894E-03
   0.588000E+02   0.550988E+01   0.678646E-02
   0.588500E+02   0.551096E+01   0.893504E-02
   0.589000E+02   0.551464E+01   0.577293E-02
   0.589500E+02   0.551974E+01  -0.807515E-03
   0.590000E+02   0.552292E+01  -0.742635E-02
   0.590500E+02   0.552308E+01  -0.110986E-01
   0.591000E+02   0.552271E+01  -0.112269E-01
   0.591500E+02   0.552385E+01  -0.946297E-02
   0.592000E+02   0.552486E+01  -0.830686E-02
   0.592500E+02   0.552341E+01  -0.886304E-02
   0.593000E+02   0.551978E+01  -0.105017E-01
   0.593500E+02   0.551598E+01  -0.101172E-01
   0.594000E+02   0.551259E+01  -0.403726E-02
   0.594500E+02   0.550783E+01   0.711874E-02
   0.595000E+02   0.549959E+01   0.178902E-01
   0.595500E+02   0.548701E+01   0.244327E-01
   0.596000E+02   0.547200E+01   0.282561E-01
   0.596500E+02   0.545930E+01   0.328675E-01
   0.597000E+02   0.545390E+01   0.391935E-01
   0.597500E+02   0.545938E+01   0.444569E-01
   0.598000E+02   0.547505E+01   0.454092E-01
   0.598500E+02   0.549550E+01   0.414932E-01
   0.599000E+02   0.551510E+01   0.344726E-01
   0.599500E+02   0.553008E+01   0.254284E-01
   0.600000E+02   0.553868E+01   0.150829E-01
   0.600500E+02   0.554141E+01   0.641826E-02
   0.601000E+02   0.553991E+01   0.291507E-02
   0.601500E+02   0.553680E+01   0.638728E-02
   0.602000E+02   0.553545E+01   0.171921E-01
   0.602500E+02   0.553656E+01   0.329837E-01
   0.603000E+02   0.553780E+01   0.480342E-01
   0.603500E+02   0.553732E+01   0.565840E-01
   0.604000E+02   0.553484E+01   0.559427E-01
   0.604500E+02   0.552986E+01   0.459789E-01
   0.605000E+02   0.552195E+01   0.300182E-01
   0.605500E+02   0.551324E+01   0.145178E-01
   0.606000E+02   0.550701E+01   0.456513E-02
   0.606500E+02   0.550380E+01   0.116625E-02
   0.607000E+02   0.550097E+01   0.305823E-02
   0.607500E+02   0.549685E+01   0.972135E-02
   0.608000E+02   0.549234E+01   0.210924E-01
   0.608500E+02   0.548826E+01   0.349348E-01
   0.609000E+02   0.548573E+01   0.456664E-01
   0.609500E+02   0.548703E+01   0.470183E-01
   0.610000E+02   0.549274E+01   0.389213E-01
   0.610500E+02   0.550036E+01   0.272926E-01
   0.611000E+02   0.550637E+01   0.166690E-01
   0.611500E+02   0.550934E+01   0.779721E-02
   0.612000E+02   0.551081E+01  -0.146059E-03
   0.612500E+02   0.551180E+01  -0.655503E-02
   0.613000E+02   0.551111E+01  -0.886276E-02
   0.613500E+02   0.550815E+01  -0.588789E-02
   0.614000E+02   0.550349E+01   0.115609E-02
   0.614500E+02   0.549808E+01   0.829262E-02
   0.615000E+02   0.549339E+01   0.115291E-01
   0.615500E+02   0.549004E+01   0.126394E-01
   0.616000E+02   0.548659E+01   0.140072E-01
   0.616500E+02   0.548238E+01   0.139780E-01
   0.617000E+02   0.547831E+01   0.115691E-01
   0.617500E+02   0.547392E+01   0.757253E-02
   0.618000E+02   0.546914E+01   0.276853E-02
   0.618500E+02   0.546626E+01  -0.117582E-02
   0.619000E+02   0.546441E+01  -0.264901E-02
   0.619500E+02   0.545841E+01  -0.284691E-02
   0.620000E+02   0.544725E+01  -0.434551E-02
   0.620500E+02   0.543548E+01  -0.796330E-02
   0.621000E+02   0.542634E+01  -0.132875E-01
   0.621500E+02   0.542032E+01  -0.187925E-01
   0.622000E+02   0.541768E+01  -0.219324E-01
   0.622500E+02   0.541821E+01  -0.229431E-01
   0.623000E+02   0.542193E+01  -0.257415E-01
   0.623500E+02   0.542972E+01  -0.339523E-01
   0.624000E+02   0.543967E+01  -0.458905E-01
   0.624500E+02   0.544891E+01  -0.561077E-01
   0.625000E+02   0.545822E+01  -0.617655E-01
   0.625500E+02   0.547059E+01  -0.629067E-01
   0.626000E+02   0.548525E+01  -0.612885E-01
   0.626500E+02   0.549631E+01  -0.593885E-01
   0.627000E+02   0.549953E+01  -0.580706E-01
   0.627500E+02   0.549696E+01  -0.559673E-01
   0.628000E+02   0.549215E+01  -0.511867E-01
   0.628500E+02   0.548539E+01  -0.441785E-01
   0.629000E+02   0.547829E+01  -0.368367E-01
   0.629500E+02   0.547452E+01  -0.287637E-01
   0.630000E+02   0.547371E+01  -0.182374E-01
   0.630500E+02   0.547134E+01  -0.487114E-02
   0.631000E+02   0.546386E+01   0.806942E-02
   0.631500E+02   0.545117E+01   0.152910E-01
   0.632000E+02   0.543641E+01   0.146635E-01
   0.632500E+02   0.542414E+01   0.772549E-02
   0.633000E+02   0.541698E+01  -0.334193E-02
   0.633500E+02   0.541583E+01  -0.164461E-01
   0.634000E+02   0.542113E+01  -0.288231E-01
   0.634500E+02   0.543176E+01  -0.393264E-01
   0.635000E+02   0.544470E+01  -0.490082E-01
   0.635500E+02   0.545583E+01  -0.582786E-01
   0.636000E+02   0.546264E+01  -0.654971E-01
   0.636500E+02   0.546676E+01  -0.690257E-01
   0.637000E+02   0.547123E+01  -0.693928E-01
   0.637500E+02   0.547697E+01  -0.676807E-01
   0.638000E+02   0.548342E+01  -0.641004E-01
   0.638500E+02   0.548933E+01  -0.592379E-01
   0.639000E+02   0.549278E+01  -0.531449E-01
   0.639500E+02   0.549196E+01  -0.459067E-01
   0.640000E+02   0.548745E+01  -0.397178E-01
   0.640500E+02   0.548221E+01  -0.360301E-01
   0.641000E+02   0.547895E+01  -0.342027E-01
   0.641500E+02   0.547900E+01  -0.323689E-01
   0.642000E+02   0.548120E+01  -0.290330E-01
   0.642500E+02   0.548262E+01  -0.247201E-01
   0.643000E+02   0.548107E+01  -0.215805E-01
   0.643500E+02   0.547480E+01  -0.211766E-01
   0.644000E+02   0.546504E+01  -0.239393E-01
   0.644500E+02   0.545701E+01  -0.287986E-01
   0.645000E+02   0.545432E+01  -0.323785E-01
   0.645500E+02   0.545552E+01  -0.322759E-01
   0.646000E+02   0.545662E+01  -0.292618E-01
   0.646500E+02   0.545531E+01  -0.268166E-01
   0.647000E+02   0.545164E+01  -0.284181E-01
   0.647500E+02   0.544659E+01  -0.334420E-01
   0.648000E+02   0.544127E+01  -0.374871E-01
   0.648500E+02   0.543747E+01  -0.368534E-01
   0.649000E+02   0.543690E+01  -0.303687E-01
   0.649500E+02   0.543915E+01  -0.201766E-01
   0.650000E+02   0.544245E+01  -0.112647E-01
   0.650500E+02   0.544677E+01  -0.731503E-02
   0.651000E+02   0.545376E+01  -0.711745E-02
   0.651500E+02   0.546400E+01  -0.749017E-02
   0.652000E+02   0.547582E+01  -0.715890E-02
   0.652500E+02   0.548627E+01  -0.593067E-02
   0.653000E+02   0.549403E+01  -0.438261E-02
   0.653500E+02   0.550040E+01  -0.486230E-02
   0.654000E+02   0.550670E+01  -0.986265E-02
   0.654500E+02   0.551270E+01  -0.187306E-01
   0.655000E+02   0.551794E+01  -0.276321E-01
   0.655500E+02   0.552400E+01  -0.329984E-01
   0.656000E+02   0.553225E+01  -0.350223E-01
   0.656500E+02   0.554059E+01  -0.357198E-01
   0.657000E+02   0.554410E+01  -0.353233E-01
   0.657500E+02   0.554028E+01  -0.332940E-01
   0.658000E+02   0.553234E+01  -0.295280E-01
   0.658500E+02   0.552530E+01  -0.234625E-01
   0.659000E+02   0.552099E+01  -0.147669E-01
   0.659500E+02   0.551773E+01  -0.452437E-02
   0.660000E+02   0.551372E+01   0.488059E-02
   0.660500E+02   0.551024E+01   0.105166E-01
   0.661000E+02   0.551036E+01   0.975326E-02
   0.661500E+02   0.551512E+01   0.314784E-02
   0.662000E+02   0.552276E+01  -0.524524E-02
   0.662500E+02   0.553091E+01  -0.112018E-01
   0.663000E+02   0.553885E+01  -0.123668E-01
   0.663500E+02   0.554679E+01  -0.898985E-02
   0.664000E+02   0.555406E+01  -0.378561E-02
   0.664500E+02   0.555997E+01  -0.661939E-03
   0.665000E+02   0.556469E+01  -0.229922E-02
   0.665500E+02   0.556894E+01  -0.708776E-02
   0.666000E+02   0.557231E+01  -0.108408E-01
   0.666500E+02   0.557365E+01  -0.118420E-01
   0.667000E+02   0.557309E+01  -0.111341E-01
   0.667500E+02   0.557226E+01  -0.106208E-01
   0.668000E+02   0.557278E+01  -0.116935E-01
   0.668500E+02   0.557463E+01  -0.147650E-01
   0.669000E+02   0.557727E+01  -0.198324E-01
   0.669500E+02   0.558113E+01  -0.255439E-01
   0.670000E+02   0.558573E+01  -0.301723E-01
   0.670500E+02   0.558967E+01  -0.327876E-01
   0.671000E+02   0.559236E+01  -0.319281E-01
   0.671500E+02   0.559525E+01  -0.266559E-01
   0.672000E+02   0.559998E+01  -0.184355E-01
   0.672500E+02   0.560606E+01  -0.946021E-02
   0.673000E+02   0.561099E+01  -0.145664E-03
   0.673500E+02   0.561224E+01   0.912281E-02
   0.674000E+02   0.560913E+01   0.163806E-01
   0.674500E+02   0.560217E+01   0.199428E-01
   0.675000E+02   0.559242E+01   0.207524E-01
   0.675500E+02   0.558190E+01   0.216142E-01
   0.676000E+02   0.557193E+01   0.232144E-01
   0.676500E+02   0.556234E+01   0.231999E-01
   0.677000E+02   0.555435E+01   0.202520E-01
   0.677500E+02   0.555007E+01   0.176027E-01
   0.678000E+02   0.554863E+01   0.193290E-01
   0.678500E+02   0.554744E+01   0.248473E-01
   0.679000E+02   0.554564E+01   0.300386E-01
   0.679500E+02   0.554440E+01   0.317168E-01
   0.680000E+02   0.554532E+01   0.290268E-01
   0.680500E+02   0.554840E+01   0.240084E-01
   0.681000E+02   0.555374E+01   0.197248E-01
   0.681500E+02   0.556097E+01   0.170916E-01
   0.682000E+02   0.556701E+01   0.153276E-01
   0.682500E+02   0.557036E+01   0.129245E-01
   0.683000E+02   0.557274E+01   0.877045E-02
   0.683500E+02   0.557636E+01   0.425687E-02
   0.684000E+02   0.558150E+01   0.312208E-02
   0.684500E+02   0.558493E+01   0.662114E-02
   0.685000E+02   0.558248E+01   0.122558E-01
   0.685500E+02   0.557442E+01   0.182208E-01
   0.686000E+02   0.556636E+01   0.241428E-01
   0.686500E+02   0.556255E+01   0.293866E-01
   0.687000E+02   0.556234E+01   0.327809E-01
   0.687500E+02   0.556377E+01   0.328167E-01
   0.688000E+02   0.556623E+01   0.288768E-01
   0.688500E+02   0.556885E+01   0.229157E-01
   0.689000E+02   0.556933E+01   0.179191E-01
   0.689500E+02   0.556738E+01   0.139916E-01
   0.690000E+02   0.556541E+01   0.898738E-02
   0.690500E+02   0.556446E+01   0.164635E-02
   0.691000E+02   0.556130E+01  -0.604375E-02
   0.691500E+02   0.555386E+01  -0.113274E-01
   0.692000E+02   0.554550E+01  -0.138919E-01
   0.692500E+02   0.554104E+01  -0.134879E-01
   0.693000E+02   0.554223E+01  -0.883937E-02
   0.693500E+02   0.554774E+01  -0.126347E-02
   0.694000E+02   0.555635E+01   0.582631E-02
   0.694500E+02   0.556715E+01   0.992796E-02
   0.695000E+02   0.557785E+01   0.933926E-02
   0.695500E+02   0.558664E+01   0.366318E-02
   0.696000E+02   0.559402E+01  -0.584587E-02
   0.696500E+02   0.560100E+01  -0.167652E-01
   0.697000E+02   0.560761E+01  -0.259154E-01
   0.697500E+02   0.561198E+01  -0.322605E-01
   0.698000E+02   0.561165E+01  -0.382897E-01
   0.698500E+02   0.560601E+01  -0.435993E-01
   0.699000E+02   0.559684E+01  -0.440386E-01
   0.699500E+02   0.558824E+01  -0.386150E-01
   0.700000E+02   0.558297E+01  -0.310604E-01
   0.700500E+02   0.557908E+01  -0.246968E-01
   0.701000E+02   0.557392E+01  -0.199096E-01
   0.701500E+02   0.556816E+01  -0.158871E-01
   0.702000E+02   0.556420E+01  -0.103892E-01
   0.702500E+02   0.556316E+01  -0.178873E-02
   0.703000E+02   0.556396E+01   0.771247E-02
   0.703500E+02   0.556548E+01   0.144258E-01
   0.704000E+02   0.556876E+01   0.175446E-01
   0.704500E+02   0.557514E+01   0.187996E-01
   0.705000E+02   0.558422E+01   0.195845E-01
   0.705500E+02   0.559247E+01   0.221239E-01
   0.706000E+02   0.559509E+01   0.286714E-01
   0.706500E+02   0.559164E+01   0.361830E-01
   0.707000E+02   0.558605E+01   0.385353E-01
   0.707500E+02   0.558087E+01   0.344536E-01
   0.708000E+02   0.557654E+01   0.260457E-01
   0.708500E+02   0.557290E+01   0.148989E-01
   0.709000E+02   0.557028E+01   0.386464E-02
   0.709500E+02   0.556930E+01  -0.380354E-02
   0.710000E+02   0.557074E+01  -0.810753E-02
   0.710500E+02   0.557486E+01  -0.118875E-01
   0.711000E+02   0.557960E+01  -0.175068E-01
   0.711500E+02   0.558191E+01  -0.244283E-01
   0.712000E+02   0.558010E+01  -0.302443E-01
   0.712500E+02   0.557445E+01  -0.335354E-01
   0.713000E+02   0.556682E+01  -0.347190E-01
   0.713500E+02   0.555895E+01  -0.341458E-01
   0.714000E+02   0.555223E+01  -0.326280E-01
   0.714500E+02   0.554803E+01  -0.302950E-01
   0.715000E+02   0.554633E+01  -0.240996E-01
   0.715500E+02   0.554599E+01  -0.116907E-01
   0.716000E+02   0.554706E+01   0.335161E-02
   0.716500E+02   0.554923E+01   0.146883E-01
   0.717000E+02   0.555082E+01   0.193521E-01
   0.717500E+02   0.555030E+01   0.183154E-01
   0.718000E+02   0.554856E+01   0.145874E-01
   0.718500E+02   0.554685E+01   0.116088E-01
   0.719000E+02   0.554424E+01   0.959538E-02
   0.719500E+02   0.554063E+01   0.630551E-02
   0.720000E+02   0.553939E+01   0.166450E-02
   0.720500E+02   0.554488E+01  -0.318618E-02
   0.721000E+02   0.555657E+01  -0.678630E-02
   0.721500E+02   0.556996E+01  -0.771934E-02
   0.722000E+02   0.558133E+01  -0.487487E-02
   0.722500E+02   0.558825E+01   0.167650E-02
   0.723000E+02   0.559121E+01   0.982159E-02
   0.723500E+02   0.559310E+01   0.160157E-01
   0.724000E+02   0.559628E+01   0.175995E-01
   0.724500E+02   0.560023E+01   0.163164E-01
   0.725000E+02   0.560289E+01   0.157458E-01
   0.725500E+02   0.560396E+01   0.155538E-01
   0.726000E+02   0.560381E+01   0.130458E-01
   0.726500E+02   0.560201E+01   0.771527E-02
   0.727000E+02   0.559938E+01   0.208957E-02
   0.727500E+02   0.559759E+01  -0.312725E-03
   0.728000E+02   0.559722E+01   0.211838E-02
   0.728500E+02   0.559959E+01   0.768574E-02
   0.729000E+02   0.560632E+01   0.139190E-01
   0.729500E+02   0.561551E+01   0.188260E-01
   0.730000E+02   0.562326E+01   0.203272E-01
   0.730500E+02   0.562692E+01   0.169272E-01
   0.731000E+02   0.562629E+01   0.961699E-02
   0.731500E+02   0.562385E+01   0.841758E-03
   0.732000E+02   0.562262E+01  -0.835634E-02
   0.732500E+02   0.562416E+01  -0.172953E-01
   0.733000E+02   0.562686E+01  -0.250506E-01
   0.733500E+02   0.562839E+01  -0.313125E-01
   0.734000E+02   0.562933E+01  -0.366497E-01
   0.734500E+02   0.563169E+01  -0.423637E-01
   0.735000E+02   0.563513E+01  -0.479202E-01
   0.735500E+02   0.563665E+01  -0.497049E-01
   0.736000E+02   0.563293E+01  -0.439861E-01
   0.736500E+02   0.562441E+01  -0.310779E-01
   0.737000E+02   0.561540E+01  -0.164240E-01
   0.737500E+02   0.560921E+01  -0.636338E-02
   0.738000E+02   0.560579E+01  -0.320455E-02
   0.738500E+02   0.560444E+01  -0.573042E-02
   0.739000E+02   0.560597E+01  -0.983850E-02
   0.739500E+02   0.560945E+01  -0.109627E-01
   0.740000E+02   0.561111E+01  -0.862285E-02
   0.740500E+02   0.560902E+01  -0.638916E-02
   0.741000E+02   0.560507E+01  -0.681518E-02
   0.741500E+02   0.560191E+01  -0.948142E-02
   0.742000E+02   0.559961E+01  -0.129880E-01
   0.742500E+02   0.559764E+01  -0.172250E-01
   0.743000E+02   0.559766E+01  -0.226278E-01
   0.743500E+02   0.560093E+01  -0.285974E-01
   0.744000E+02   0.560689E+01  -0.340968E-01
   0.744500E+02   0.561428E+01  -0.369099E-01
   0.745000E+02   0.562055E+01  -0.347582E-01
   0.745500E+02   0.562319E+01  -0.297231E-01
   0.746000E+02   0.562189E+01  -0.261656E-01
   0.746500E+02   0.561776E+01  -0.260071E-01
   0.747000E+02   0.561085E+01  -0.293415E-01
   0.747500E+02   0.560032E+01  -0.347368E-01
   0.748000E+02   0.558899E+01  -0.389251E-01
   0.748500E+02   0.558109E+01  -0.386245E-01
   0.749000E+02   0.557657E+01  -0.320106E-01
   0.749500E+02   0.557329E+01  -0.192838E-01
   0.750000E+02   0.556993E+01  -0.330832E-02
   0.750500E+02   0.556620E+01   0.119057E-01
   0.751000E+02   0.556345E+01   0.225380E-01
   0.751500E+02   0.556363E+01   0.250818E-01
   0.752000E+02   0.556590E+01   0.193663E-01
   0.752500E+02   0.556660E+01   0.100767E-01
   0.753000E+02   0.556459E+01   0.157902E-02
   0.753500E+02   0.556329E+01  -0.513236E-02
   0.754000E+02   0.556629E+01  -0.111647E-01
   0.754500E+02   0.557382E+01  -0.189535E-01
   0.755000E+02   0.558336E+01  -0.297881E-01
   0.755500E+02   0.559247E+01  -0.426785E-01
   0.756000E+02   0.559916E+01  -0.562673E-01
   0.756500E+02   0.560188E+01  -0.689049E-01
   0.757000E+02   0.560134E+01  -0.778485E-01
   0.757500E+02   0.559954E+01  -0.810478E-01
   0.758000E+02   0.559729E+01  -0.780880E-01
   0.758500E+02   0.559457E+01  -0.705794E-01
   0.759000E+02   0.559300E+01  -0.632986E-01
   0.759500E+02   0.559519E+01  -0.600990E-01
   0.760000E+02   0.560232E+01  -0.589095E-01
   0.760500E+02   0.561401E+01  -0.555515E-01
   0.761000E+02   0.562783E+01  -0.493456E-01
   0.761500E+02   0.564047E+01  -0.404319E-01
   0.762000E+02   0.564956E+01  -0.277133E-01
   0.762500E+02   0.565445E+01  -0.123033E-01
   0.763000E+02   0.565597E+01   0.331127E-02
   0.763500E+02   0.565421E+01   0.167176E-01
   0.764000E+02   0.564943E+01   0.255096E-01
   0.764500E+02   0.564278E+01   0.294115E-01
   0.765000E+02   0.563591E+01   0.286572E-01
   0.765500E+02   0.562885E+01   0.209695E-01
   0.766000E+02   0.562032E+01   0.393915E-02
   0.766500E+02   0.561100E+01  -0.194585E-01
   0.767000E+02   0.560317E+01  -0.407067E-01
   0.767500E+02   0.559791E+01  -0.536945E-01
   0.768000E+02   0.559411E+01  -0.580764E-01
   0.768500E+02   0.559028E+01  -0.564092E-01
   0.769000E+02   0.558695E+01  -0.532572E-01
   0.769500E+02   0.558535E+01  -0.531072E-01
   0.770000E+02   0.558683E+01  -0.557382E-01
   0.770500E+02   0.559199E+01  -0.560132E-01
   0.771000E+02   0.559840E+01  -0.501287E-01
   0.771500E+02   0.560225E+01  -0.406298E-01
   0.772000E+02   0.560207E+01  -0.317909E-01
   0.772500E+02   0.559969E+01  -0.238580E-01
   0.773000E+02   0.559808E+01  -0.146294E-01
   0.773500E+02   0.559983E+01  -0.350964E-02
   0.774000E+02   0.560644E+01   0.727910E-02
   0.774500E+02   0.561638E+01   0.141795E-01
   0.775000E+02   0.562649E+01   0.168395E-01
   0.775500E+02   0.563437E+01   0.186030E-01
   0.776000E+02   0.563887E+01   0.220472E-01
   0.776500E+02   0.563947E+01   0.267236E-01
   0.777000E+02   0.563535E+01   0.302409E-01
   0.777500E+02   0.562775E+01   0.314915E-01
   0.778000E+02   0.562075E+01   0.301405E-01
   0.778500E+02   0.561740E+01   0.254831E-01
   0.779000E+02   0.561695E+01   0.181995E-01
   0.779500E+02   0.561638E+01   0.999483E-02
   0.780000E+02   0.561424E+01   0.218364E-02
   0.780500E+02   0.560895E+01  -0.544121E-02
   0.781000E+02   0.559864E+01  -0.138184E-01
   0.781500E+02   0.558567E+01  -0.223900E-01
   0.782000E+02   0.557517E+01  -0.294506E-01
   0.782500E+02   0.557023E+01  -0.346561E-01
   0.783000E+02   0.556962E+01  -0.370081E-01
   0.783500E+02   0.557174E+01  -0.345747E-01
   0.784000E+02   0.557800E+01  -0.289486E-01
   0.784500E+02   0.558892E+01  -0.240594E-01
   0.785000E+02   0.560170E+01  -0.222782E-01
   0.785500E+02   0.561243E+01  -0.250343E-01
   0.786000E+02   0.562103E+01  -0.316669E-01
   0.786500E+02   0.563190E+01  -0.369737E-01
   0.787000E+02   0.564756E+01  -0.359810E-01
   0.787500E+02   0.566572E+01  -0.291081E-01
   0.788000E+02   0.568106E+01  -0.212519E-01
   0.788500E+02   0.568982E+01  -0.158961E-01
   0.789000E+02   0.569232E+01  -0.132556E-01
   0.789500E+02   0.569065E+01  -0.121889E-01
   0.790000E+02   0.568558E+01  -0.114715E-01
   0.790500E+02   0.567701E+01  -0.109066E-01
   0.791000E+02   0.566547E+01  -0.108201E-01
   0.791500E+02   0.565161E+01  -0.108775E-01
   0.792000E+02   0.563726E+01  -0.945615E-02
   0.792500E+02   0.562545E+01  -0.510546E-02
   0.793000E+02   0.561650E+01   0.321569E-03
   0.793500E+02   0.561037E+01   0.286073E-02
   0.794000E+02   0.560728E+01   0.749673E-03
   0.794500E+02   0.560583E+01  -0.399951E-02
   0.795000E+02   0.560663E+01  -0.889315E-02
   0.795500E+02   0.561176E+01  -0.126351E-01
   0.796000E+02   0.562012E+01  -0.155266E-01
   0.796500E+02   0.562887E+01  -0.189778E-01
   0.797000E+02   0.563644E+01  -0.232585E-01
   0.797500E+02   0.564319E+01  -0.287594E-01
   0.798000E+02   0.564939E+01  -0.347095E-01
   0.798500E+02   0.565265E+01  -0.386387E-01
   0.799000E+02   0.565059E+01  -0.392542E-01
   0.799500E+02   0.564423E+01  -0.354655E-01
   0.800000E+02   0.563576E+01  -0.273613E-01
