   0.000000E+00   0.101720E+01   0.440855E-04
   0.500000E-01   0.101686E+01   0.598538E-04
   0.100000E+00   0.101590E+01   0.694227E-04
   0.150000E+00   0.101450E+01   0.799801E-04
   0.200000E+00   0.101301E+01   0.948128E-04
   0.250000E+00   0.101166E+01   0.112044E-03
   0.300000E+00   0.101055E+01   0.127073E-03
   0.350000E+00   0.100967E+01   0.136438E-03
   0.400000E+00   0.100901E+01   0.138976E-03
   0.450000E+00   0.100853E+01   0.134824E-03
   0.500000E+00   0.100820E+01   0.125293E-03
   0.550000E+00   0.100799E+01   0.112994E-03
   0.600000E+00   0.100786E+01   0.100715E-03
   0.650000E+00   0.100781E+01   0.901205E-04
   0.700000E+00   0.100781E+01   0.809984E-04
   0.750000E+00   0.100786E+01   0.717945E-04
   0.800000E+00   0.100799E+01   0.608777E-04
   0.850000E+00   0.100821E+01   0.479212E-04
   0.900000E+00   0.100854E+01   0.349145E-04
   0.950000E+00   0.100901E+01   0.246712E-04
   0.100000E+01   0.100956E+01   0.186626E-04
   0.105000E+01   0.101001E+01   0.154523E-04
   0.110000E+01   0.101008E+01   0.100136E-04
   0.115000E+01   0.100949E+01  -0.105869E-04
   0.120000E+01   0.100833E+01  -0.589980E-04
   0.125000E+01   0.100703E+01  -0.979147E-04
   0.130000E+01   0.100573E+01  -0.998081E-04
   0.135000E+01   0.100460E+01  -0.942762E-04
   0.140000E+01   0.100391E+01  -0.112624E-03
   0.145000E+01   0.100377E+01  -0.161718E-03
   0.150000E+01   0.100414E+01  -0.203330E-03
   0.155000E+01   0.100489E+01  -0.198349E-03
   0.160000E+01   0.100585E+01  -0.139485E-03
   0.165000E+01   0.100684E+01  -0.461568E-04
   0.170000E+01   0.100771E+01   0.471606E-04
   0.175000E+01   0.100833E+01   0.113542E-03
   0.180000E+01   0.100860E+01   0.146329E-03
   0.185000E+01   0.100847E+01   0.156249E-03
   0.190000E+01   0.100796E+01   0.157536E-03
   0.195000E+01   0.100712E+01   0.156543E-03
   0.200000E+01   0.100604E+01   0.155286E-03
   0.205000E+01   0.100481E+01   0.156508E-03
   0.210000E+01   0.100354E+01   0.163470E-03
   0.215000E+01   0.100229E+01   0.177122E-03
   0.220000E+01   0.100117E+01   0.193635E-03
   0.225000E+01   0.100019E+01   0.205401E-03
   0.230000E+01   0.999389E+00   0.206603E-03
   0.235000E+01   0.998740E+00   0.197971E-03
   0.240000E+01   0.998211E+00   0.183852E-03
   0.245000E+01   0.997747E+00   0.166633E-03
   0.250000E+01   0.997294E+00   0.145902E-03
   0.255000E+01   0.996813E+00   0.122246E-03
   0.260000E+01   0.996281E+00   0.100085E-03
   0.265000E+01   0.995692E+00   0.835869E-04
   0.270000E+01   0.995057E+00   0.760627E-04
   0.275000E+01   0.994402E+00   0.819872E-04
   0.280000E+01   0.993773E+00   0.106878E-03
   0.285000E+01   0.993228E+00   0.152261E-03
   0.290000E+01   0.992828E+00   0.211387E-03
   0.295000E+01   0.992617E+00   0.270556E-03
   0.300000E+01   0.992636E+00   0.317668E-03
   0.305000E+01   0.992911E+00   0.349728E-03
   0.310000E+01   0.993450E+00   0.369128E-03
   0.315000E+01   0.994239E+00   0.378163E-03
   0.320000E+01   0.995242E+00   0.380217E-03
   0.325000E+01   0.996412E+00   0.381249E-03
   0.330000E+01   0.997696E+00   0.387272E-03
   0.335000E+01   0.999037E+00   0.400745E-03
   0.340000E+01   0.100039E+01   0.418907E-03
   0.345000E+01   0.100170E+01   0.437660E-03
   0.350000E+01   0.100294E+01   0.456516E-03
   0.355000E+01   0.100411E+01   0.473702E-03
   0.360000E+01   0.100517E+01   0.483204E-03
   0.365000E+01   0.100612E+01   0.495195E-03
   0.370000E+01   0.100698E+01   0.521936E-03
   0.375000E+01   0.100774E+01   0.554002E-03
   0.380000E+01   0.100841E+01   0.576014E-03
   0.385000E+01   0.100895E+01   0.585317E-03
   0.390000E+01   0.100932E+01   0.586558E-03
   0.395000E+01   0.100945E+01   0.594287E-03
   0.400000E+01   0.100923E+01   0.618170E-03
   0.405000E+01   0.100861E+01   0.656698E-03
   0.410000E+01   0.100754E+01   0.714987E-03
   0.415000E+01   0.100601E+01   0.798721E-03
   0.420000E+01   0.100406E+01   0.892263E-03
   0.425000E+01   0.100176E+01   0.964560E-03
   0.430000E+01   0.999199E+00   0.997947E-03
   0.435000E+01   0.996520E+00   0.994103E-03
   0.440000E+01   0.993861E+00   0.968121E-03
   0.445000E+01   0.991373E+00   0.942125E-03
   0.450000E+01   0.989205E+00   0.929673E-03
   0.455000E+01   0.987490E+00   0.929992E-03
   0.460000E+01   0.986339E+00   0.935901E-03
   0.465000E+01   0.985830E+00   0.943071E-03
   0.470000E+01   0.985997E+00   0.953721E-03
   0.475000E+01   0.986829E+00   0.972470E-03
   0.480000E+01   0.988263E+00   0.100288E-02
   0.485000E+01   0.990192E+00   0.104131E-02
   0.490000E+01   0.992480E+00   0.108460E-02
   0.495000E+01   0.994974E+00   0.112848E-02
   0.500000E+01   0.997514E+00   0.116599E-02
   0.505000E+01   0.999957E+00   0.119063E-02
   0.510000E+01   0.100219E+01   0.119643E-02
   0.515000E+01   0.100413E+01   0.118354E-02
   0.520000E+01   0.100570E+01   0.116965E-02
   0.525000E+01   0.100689E+01   0.117615E-02
   0.530000E+01   0.100769E+01   0.120592E-02
   0.535000E+01   0.100810E+01   0.124540E-02
   0.540000E+01   0.100817E+01   0.128202E-02
   0.545000E+01   0.100792E+01   0.130708E-02
   0.550000E+01   0.100740E+01   0.131837E-02
   0.555000E+01   0.100665E+01   0.132103E-02
   0.560000E+01   0.100575E+01   0.131864E-02
   0.565000E+01   0.100473E+01   0.131191E-02
   0.570000E+01   0.100366E+01   0.130196E-02
   0.575000E+01   0.100257E+01   0.129081E-02
   0.580000E+01   0.100148E+01   0.128085E-02
   0.585000E+01   0.100042E+01   0.127144E-02
   0.590000E+01   0.999426E+00   0.126131E-02
   0.595000E+01   0.998513E+00   0.125103E-02
   0.600000E+01   0.997708E+00   0.125030E-02
   0.605000E+01   0.997048E+00   0.127093E-02
   0.610000E+01   0.996556E+00   0.130969E-02
   0.615000E+01   0.996248E+00   0.136445E-02
   0.620000E+01   0.996139E+00   0.143755E-02
   0.625000E+01   0.996252E+00   0.151511E-02
   0.630000E+01   0.996616E+00   0.158601E-02
   0.635000E+01   0.997257E+00   0.165296E-02
   0.640000E+01   0.998184E+00   0.170750E-02
   0.645000E+01   0.999387E+00   0.173821E-02
   0.650000E+01   0.100084E+01   0.174624E-02
   0.655000E+01   0.100253E+01   0.173702E-02
   0.660000E+01   0.100441E+01   0.172054E-02
   0.665000E+01   0.100645E+01   0.170964E-02
   0.670000E+01   0.100858E+01   0.170717E-02
   0.675000E+01   0.101075E+01   0.170669E-02
   0.680000E+01   0.101290E+01   0.170335E-02
   0.685000E+01   0.101499E+01   0.169800E-02
   0.690000E+01   0.101696E+01   0.169177E-02
   0.695000E+01   0.101880E+01   0.168166E-02
   0.700000E+01   0.102046E+01   0.166610E-02
   0.705000E+01   0.102192E+01   0.164625E-02
   0.710000E+01   0.102312E+01   0.161506E-02
   0.715000E+01   0.102404E+01   0.157083E-02
   0.720000E+01   0.102464E+01   0.153546E-02
   0.725000E+01   0.102494E+01   0.151562E-02
   0.730000E+01   0.102490E+01   0.150001E-02
   0.735000E+01   0.102457E+01   0.147852E-02
   0.740000E+01   0.102395E+01   0.144801E-02
   0.745000E+01   0.102308E+01   0.141789E-02
   0.750000E+01   0.102196E+01   0.141039E-02
   0.755000E+01   0.102063E+01   0.143663E-02
   0.760000E+01   0.101912E+01   0.150266E-02
   0.765000E+01   0.101750E+01   0.159371E-02
   0.770000E+01   0.101575E+01   0.166382E-02
   0.775000E+01   0.101394E+01   0.171257E-02
   0.780000E+01   0.101216E+01   0.179479E-02
   0.785000E+01   0.101046E+01   0.193039E-02
   0.790000E+01   0.100884E+01   0.207066E-02
   0.795000E+01   0.100733E+01   0.215499E-02
   0.800000E+01   0.100599E+01   0.216691E-02
   0.805000E+01   0.100483E+01   0.215396E-02
   0.810000E+01   0.100388E+01   0.216001E-02
   0.815000E+01   0.100319E+01   0.218061E-02
   0.820000E+01   0.100275E+01   0.220175E-02
   0.825000E+01   0.100254E+01   0.221375E-02
   0.830000E+01   0.100249E+01   0.221586E-02
   0.835000E+01   0.100260E+01   0.221865E-02
   0.840000E+01   0.100287E+01   0.221753E-02
   0.845000E+01   0.100329E+01   0.220412E-02
   0.850000E+01   0.100383E+01   0.220171E-02
   0.855000E+01   0.100447E+01   0.222135E-02
   0.860000E+01   0.100521E+01   0.224312E-02
   0.865000E+01   0.100601E+01   0.225312E-02
   0.870000E+01   0.100683E+01   0.225229E-02
   0.875000E+01   0.100760E+01   0.224300E-02
   0.880000E+01   0.100828E+01   0.222590E-02
   0.885000E+01   0.100886E+01   0.220451E-02
   0.890000E+01   0.100937E+01   0.218902E-02
   0.895000E+01   0.100981E+01   0.220026E-02
   0.900000E+01   0.101016E+01   0.224601E-02
   0.905000E+01   0.101039E+01   0.229552E-02
   0.910000E+01   0.101051E+01   0.230945E-02
   0.915000E+01   0.101055E+01   0.229896E-02
   0.920000E+01   0.101052E+01   0.231258E-02
   0.925000E+01   0.101044E+01   0.236628E-02
   0.930000E+01   0.101032E+01   0.243672E-02
   0.935000E+01   0.101017E+01   0.249463E-02
   0.940000E+01   0.100999E+01   0.252566E-02
   0.945000E+01   0.100978E+01   0.252104E-02
   0.950000E+01   0.100956E+01   0.248280E-02
   0.955000E+01   0.100933E+01   0.242664E-02
   0.960000E+01   0.100914E+01   0.235871E-02
   0.965000E+01   0.100898E+01   0.228390E-02
   0.970000E+01   0.100886E+01   0.221471E-02
   0.975000E+01   0.100875E+01   0.219212E-02
   0.980000E+01   0.100870E+01   0.225664E-02
   0.985000E+01   0.100874E+01   0.238713E-02
   0.990000E+01   0.100890E+01   0.251823E-02
   0.995000E+01   0.100921E+01   0.258164E-02
   0.100000E+02   0.100965E+01   0.257236E-02
   0.100500E+02   0.101023E+01   0.252627E-02
   0.101000E+02   0.101093E+01   0.244882E-02
   0.101500E+02   0.101174E+01   0.232119E-02
   0.102000E+02   0.101276E+01   0.216932E-02
   0.102500E+02   0.101404E+01   0.201922E-02
   0.103000E+02   0.101552E+01   0.188151E-02
   0.103500E+02   0.101710E+01   0.180555E-02
   0.104000E+02   0.101873E+01   0.181467E-02
   0.104500E+02   0.102040E+01   0.187588E-02
   0.105000E+02   0.102204E+01   0.198973E-02
   0.105500E+02   0.102356E+01   0.212702E-02
   0.106000E+02   0.102491E+01   0.221252E-02
   0.106500E+02   0.102611E+01   0.222184E-02
   0.107000E+02   0.102715E+01   0.218571E-02
   0.107500E+02   0.102801E+01   0.213842E-02
   0.108000E+02   0.102865E+01   0.213695E-02
   0.108500E+02   0.102907E+01   0.220101E-02
   0.109000E+02   0.102929E+01   0.225886E-02
   0.109500E+02   0.102932E+01   0.226338E-02
   0.110000E+02   0.102909E+01   0.223195E-02
   0.110500E+02   0.102861E+01   0.218562E-02
   0.111000E+02   0.102789E+01   0.212178E-02
   0.111500E+02   0.102704E+01   0.204849E-02
   0.112000E+02   0.102610E+01   0.199773E-02
   0.112500E+02   0.102510E+01   0.200360E-02
   0.113000E+02   0.102402E+01   0.206567E-02
   0.113500E+02   0.102289E+01   0.213226E-02
   0.114000E+02   0.102176E+01   0.214313E-02
   0.114500E+02   0.102071E+01   0.208987E-02
   0.115000E+02   0.101978E+01   0.201740E-02
   0.115500E+02   0.101896E+01   0.197013E-02
   0.116000E+02   0.101823E+01   0.196643E-02
   0.116500E+02   0.101761E+01   0.200978E-02
   0.117000E+02   0.101711E+01   0.208639E-02
   0.117500E+02   0.101670E+01   0.216056E-02
   0.118000E+02   0.101636E+01   0.221105E-02
   0.118500E+02   0.101611E+01   0.226203E-02
   0.119000E+02   0.101595E+01   0.233292E-02
   0.119500E+02   0.101588E+01   0.238934E-02
   0.120000E+02   0.101587E+01   0.239586E-02
   0.120500E+02   0.101595E+01   0.236688E-02
   0.121000E+02   0.101615E+01   0.231628E-02
   0.121500E+02   0.101644E+01   0.224598E-02
   0.122000E+02   0.101674E+01   0.217224E-02
   0.122500E+02   0.101703E+01   0.212908E-02
   0.123000E+02   0.101736E+01   0.209474E-02
   0.123500E+02   0.101779E+01   0.202617E-02
   0.124000E+02   0.101831E+01   0.192022E-02
   0.124500E+02   0.101889E+01   0.179013E-02
   0.125000E+02   0.101951E+01   0.168373E-02
   0.125500E+02   0.102009E+01   0.163022E-02
   0.126000E+02   0.102056E+01   0.159706E-02
   0.126500E+02   0.102093E+01   0.160199E-02
   0.127000E+02   0.102119E+01   0.168207E-02
   0.127500E+02   0.102135E+01   0.179668E-02
   0.128000E+02   0.102143E+01   0.189716E-02
   0.128500E+02   0.102145E+01   0.197891E-02
   0.129000E+02   0.102147E+01   0.203148E-02
   0.129500E+02   0.102158E+01   0.204244E-02
   0.130000E+02   0.102176E+01   0.203186E-02
   0.130500E+02   0.102193E+01   0.206179E-02
   0.131000E+02   0.102208E+01   0.216432E-02
   0.131500E+02   0.102221E+01   0.226852E-02
   0.132000E+02   0.102226E+01   0.228361E-02
   0.132500E+02   0.102226E+01   0.220344E-02
   0.133000E+02   0.102225E+01   0.209469E-02
   0.133500E+02   0.102229E+01   0.201682E-02
   0.134000E+02   0.102241E+01   0.196589E-02
   0.134500E+02   0.102266E+01   0.190591E-02
   0.135000E+02   0.102303E+01   0.183229E-02
   0.135500E+02   0.102351E+01   0.176656E-02
   0.136000E+02   0.102411E+01   0.171962E-02
   0.136500E+02   0.102479E+01   0.169779E-02
   0.137000E+02   0.102554E+01   0.172196E-02
   0.137500E+02   0.102632E+01   0.178317E-02
   0.138000E+02   0.102708E+01   0.184686E-02
   0.138500E+02   0.102775E+01   0.189912E-02
   0.139000E+02   0.102835E+01   0.193763E-02
   0.139500E+02   0.102891E+01   0.195992E-02
   0.140000E+02   0.102942E+01   0.197339E-02
   0.140500E+02   0.102986E+01   0.198910E-02
   0.141000E+02   0.103026E+01   0.201198E-02
   0.141500E+02   0.103066E+01   0.204364E-02
   0.142000E+02   0.103107E+01   0.209197E-02
   0.142500E+02   0.103146E+01   0.216286E-02
   0.143000E+02   0.103184E+01   0.222610E-02
   0.143500E+02   0.103224E+01   0.225869E-02
   0.144000E+02   0.103262E+01   0.226665E-02
   0.144500E+02   0.103292E+01   0.228580E-02
   0.145000E+02   0.103305E+01   0.235718E-02
   0.145500E+02   0.103299E+01   0.248896E-02
   0.146000E+02   0.103281E+01   0.265838E-02
   0.146500E+02   0.103258E+01   0.278178E-02
   0.147000E+02   0.103236E+01   0.279149E-02
   0.147500E+02   0.103214E+01   0.272582E-02
   0.148000E+02   0.103191E+01   0.266185E-02
   0.148500E+02   0.103165E+01   0.261197E-02
   0.149000E+02   0.103135E+01   0.252768E-02
   0.149500E+02   0.103096E+01   0.239634E-02
   0.150000E+02   0.103042E+01   0.224492E-02
   0.150500E+02   0.102976E+01   0.210998E-02
   0.151000E+02   0.102908E+01   0.204036E-02
   0.151500E+02   0.102847E+01   0.206572E-02
   0.152000E+02   0.102795E+01   0.218452E-02
   0.152500E+02   0.102754E+01   0.236936E-02
   0.153000E+02   0.102726E+01   0.256593E-02
   0.153500E+02   0.102711E+01   0.274011E-02
   0.154000E+02   0.102708E+01   0.288693E-02
   0.154500E+02   0.102718E+01   0.298696E-02
   0.155000E+02   0.102742E+01   0.302319E-02
   0.155500E+02   0.102779E+01   0.300708E-02
   0.156000E+02   0.102825E+01   0.297796E-02
   0.156500E+02   0.102874E+01   0.296971E-02
   0.157000E+02   0.102923E+01   0.298324E-02
   0.157500E+02   0.102969E+01   0.299652E-02
   0.158000E+02   0.103012E+01   0.300129E-02
   0.158500E+02   0.103049E+01   0.302085E-02
   0.159000E+02   0.103074E+01   0.308289E-02
   0.159500E+02   0.103087E+01   0.318030E-02
   0.160000E+02   0.103090E+01   0.326358E-02
   0.160500E+02   0.103087E+01   0.328164E-02
   0.161000E+02   0.103082E+01   0.321923E-02
   0.161500E+02   0.103082E+01   0.311952E-02
   0.162000E+02   0.103097E+01   0.304647E-02
   0.162500E+02   0.103122E+01   0.303200E-02
   0.163000E+02   0.103150E+01   0.308715E-02
   0.163500E+02   0.103172E+01   0.318906E-02
   0.164000E+02   0.103186E+01   0.329003E-02
   0.164500E+02   0.103190E+01   0.336564E-02
   0.165000E+02   0.103183E+01   0.342346E-02
   0.165500E+02   0.103172E+01   0.346826E-02
   0.166000E+02   0.103163E+01   0.349520E-02
   0.166500E+02   0.103160E+01   0.350880E-02
   0.167000E+02   0.103163E+01   0.351145E-02
   0.167500E+02   0.103170E+01   0.352088E-02
   0.168000E+02   0.103181E+01   0.354367E-02
   0.168500E+02   0.103192E+01   0.356158E-02
   0.169000E+02   0.103200E+01   0.356664E-02
   0.169500E+02   0.103206E+01   0.355288E-02
   0.170000E+02   0.103214E+01   0.352766E-02
   0.170500E+02   0.103226E+01   0.350487E-02
   0.171000E+02   0.103240E+01   0.349683E-02
   0.171500E+02   0.103252E+01   0.353830E-02
   0.172000E+02   0.103263E+01   0.365604E-02
   0.172500E+02   0.103274E+01   0.382461E-02
   0.173000E+02   0.103289E+01   0.399590E-02
   0.173500E+02   0.103313E+01   0.413927E-02
   0.174000E+02   0.103346E+01   0.425615E-02
   0.174500E+02   0.103380E+01   0.435185E-02
   0.175000E+02   0.103404E+01   0.443263E-02
   0.175500E+02   0.103417E+01   0.450856E-02
   0.176000E+02   0.103423E+01   0.456583E-02
   0.176500E+02   0.103422E+01   0.459776E-02
   0.177000E+02   0.103415E+01   0.462660E-02
   0.177500E+02   0.103403E+01   0.466278E-02
   0.178000E+02   0.103390E+01   0.468563E-02
   0.178500E+02   0.103383E+01   0.464396E-02
   0.179000E+02   0.103391E+01   0.451528E-02
   0.179500E+02   0.103416E+01   0.433234E-02
   0.180000E+02   0.103456E+01   0.411156E-02
   0.180500E+02   0.103511E+01   0.383927E-02
   0.181000E+02   0.103575E+01   0.353477E-02
   0.181500E+02   0.103641E+01   0.325906E-02
   0.182000E+02   0.103696E+01   0.307490E-02
   0.182500E+02   0.103731E+01   0.300917E-02
   0.183000E+02   0.103741E+01   0.305109E-02
   0.183500E+02   0.103730E+01   0.315314E-02
   0.184000E+02   0.103703E+01   0.323728E-02
   0.184500E+02   0.103670E+01   0.321841E-02
   0.185000E+02   0.103632E+01   0.310260E-02
   0.185500E+02   0.103593E+01   0.297918E-02
   0.186000E+02   0.103554E+01   0.290449E-02
   0.186500E+02   0.103523E+01   0.288695E-02
   0.187000E+02   0.103503E+01   0.292639E-02
   0.187500E+02   0.103488E+01   0.301187E-02
   0.188000E+02   0.103480E+01   0.312923E-02
   0.188500E+02   0.103483E+01   0.325073E-02
   0.189000E+02   0.103502E+01   0.333354E-02
   0.189500E+02   0.103535E+01   0.334127E-02
   0.190000E+02   0.103582E+01   0.326841E-02
   0.190500E+02   0.103642E+01   0.317991E-02
   0.191000E+02   0.103714E+01   0.312728E-02
   0.191500E+02   0.103785E+01   0.308484E-02
   0.192000E+02   0.103853E+01   0.302462E-02
   0.192500E+02   0.103920E+01   0.294851E-02
   0.193000E+02   0.103981E+01   0.284514E-02
   0.193500E+02   0.104027E+01   0.275681E-02
   0.194000E+02   0.104062E+01   0.273726E-02
   0.194500E+02   0.104093E+01   0.277201E-02
   0.195000E+02   0.104119E+01   0.278878E-02
   0.195500E+02   0.104142E+01   0.273295E-02
   0.196000E+02   0.104169E+01   0.259844E-02
   0.196500E+02   0.104202E+01   0.239791E-02
   0.197000E+02   0.104244E+01   0.215120E-02
   0.197500E+02   0.104295E+01   0.188476E-02
   0.198000E+02   0.104350E+01   0.163760E-02
   0.198500E+02   0.104407E+01   0.144317E-02
   0.199000E+02   0.104461E+01   0.131768E-02
   0.199500E+02   0.104504E+01   0.123592E-02
   0.200000E+02   0.104531E+01   0.118189E-02
   0.200500E+02   0.104532E+01   0.115961E-02
   0.201000E+02   0.104497E+01   0.118171E-02
   0.201500E+02   0.104426E+01   0.126843E-02
   0.202000E+02   0.104330E+01   0.141426E-02
   0.202500E+02   0.104230E+01   0.158563E-02
   0.203000E+02   0.104150E+01   0.175301E-02
   0.203500E+02   0.104101E+01   0.189250E-02
   0.204000E+02   0.104085E+01   0.198062E-02
   0.204500E+02   0.104103E+01   0.202295E-02
   0.205000E+02   0.104152E+01   0.206364E-02
   0.205500E+02   0.104226E+01   0.215124E-02
   0.206000E+02   0.104312E+01   0.225301E-02
   0.206500E+02   0.104399E+01   0.230038E-02
   0.207000E+02   0.104477E+01   0.229651E-02
   0.207500E+02   0.104528E+01   0.229134E-02
   0.208000E+02   0.104538E+01   0.231923E-02
   0.208500E+02   0.104506E+01   0.239207E-02
   0.209000E+02   0.104444E+01   0.251858E-02
   0.209500E+02   0.104358E+01   0.267462E-02
   0.210000E+02   0.104251E+01   0.280812E-02
   0.210500E+02   0.104125E+01   0.282182E-02
   0.211000E+02   0.103998E+01   0.264423E-02
   0.211500E+02   0.103882E+01   0.235341E-02
   0.212000E+02   0.103789E+01   0.205842E-02
   0.212500E+02   0.103740E+01   0.179762E-02
   0.213000E+02   0.103734E+01   0.159641E-02
   0.213500E+02   0.103761E+01   0.143065E-02
   0.214000E+02   0.103816E+01   0.129336E-02
   0.214500E+02   0.103896E+01   0.121923E-02
   0.215000E+02   0.103990E+01   0.117939E-02
   0.215500E+02   0.104086E+01   0.107225E-02
   0.216000E+02   0.104176E+01   0.856406E-03
   0.216500E+02   0.104251E+01   0.581787E-03
   0.217000E+02   0.104298E+01   0.321868E-03
   0.217500E+02   0.104305E+01   0.144565E-03
   0.218000E+02   0.104266E+01   0.558116E-04
   0.218500E+02   0.104189E+01   0.710776E-05
   0.219000E+02   0.104089E+01  -0.116812E-04
   0.219500E+02   0.103979E+01   0.165895E-04
   0.220000E+02   0.103868E+01   0.839566E-04
   0.220500E+02   0.103767E+01   0.181220E-03
   0.221000E+02   0.103685E+01   0.311884E-03
   0.221500E+02   0.103621E+01   0.459385E-03
   0.222000E+02   0.103577E+01   0.650084E-03
   0.222500E+02   0.103560E+01   0.916572E-03
   0.223000E+02   0.103576E+01   0.119787E-02
   0.223500E+02   0.103627E+01   0.139711E-02
   0.224000E+02   0.103702E+01   0.146729E-02
   0.224500E+02   0.103784E+01   0.140353E-02
   0.225000E+02   0.103859E+01   0.120889E-02
   0.225500E+02   0.103918E+01   0.943812E-03
   0.226000E+02   0.103958E+01   0.716925E-03
   0.226500E+02   0.103990E+01   0.592131E-03
   0.227000E+02   0.104030E+01   0.574314E-03
   0.227500E+02   0.104083E+01   0.675548E-03
   0.228000E+02   0.104146E+01   0.895205E-03
   0.228500E+02   0.104214E+01   0.116733E-02
   0.229000E+02   0.104287E+01   0.137249E-02
   0.229500E+02   0.104366E+01   0.140892E-02
   0.230000E+02   0.104452E+01   0.130276E-02
   0.230500E+02   0.104541E+01   0.114662E-02
   0.231000E+02   0.104628E+01   0.997357E-03
   0.231500E+02   0.104697E+01   0.850484E-03
   0.232000E+02   0.104738E+01   0.665751E-03
   0.232500E+02   0.104748E+01   0.421022E-03
   0.233000E+02   0.104726E+01   0.175045E-03
   0.233500E+02   0.104684E+01   0.121986E-04
   0.234000E+02   0.104635E+01  -0.556519E-04
   0.234500E+02   0.104591E+01  -0.477193E-04
   0.235000E+02   0.104547E+01   0.529696E-04
   0.235500E+02   0.104500E+01   0.273309E-03
   0.236000E+02   0.104463E+01   0.566451E-03
   0.236500E+02   0.104449E+01   0.849118E-03
   0.237000E+02   0.104468E+01   0.106096E-02
   0.237500E+02   0.104519E+01   0.118606E-02
   0.238000E+02   0.104600E+01   0.124536E-02
   0.238500E+02   0.104700E+01   0.126460E-02
   0.239000E+02   0.104804E+01   0.129744E-02
   0.239500E+02   0.104899E+01   0.140576E-02
   0.240000E+02   0.104974E+01   0.161005E-02
   0.240500E+02   0.105017E+01   0.187989E-02
   0.241000E+02   0.105020E+01   0.216801E-02
   0.241500E+02   0.104983E+01   0.243005E-02
   0.242000E+02   0.104917E+01   0.262278E-02
   0.242500E+02   0.104833E+01   0.272046E-02
   0.243000E+02   0.104736E+01   0.271838E-02
   0.243500E+02   0.104632E+01   0.261672E-02
   0.244000E+02   0.104531E+01   0.246607E-02
   0.244500E+02   0.104446E+01   0.234319E-02
   0.245000E+02   0.104386E+01   0.225663E-02
   0.245500E+02   0.104357E+01   0.215642E-02
   0.246000E+02   0.104356E+01   0.201408E-02
   0.246500E+02   0.104383E+01   0.184033E-02
   0.247000E+02   0.104436E+01   0.165221E-02
   0.247500E+02   0.104505E+01   0.144326E-02
   0.248000E+02   0.104584E+01   0.119636E-02
   0.248500E+02   0.104663E+01   0.921165E-03
   0.249000E+02   0.104726E+01   0.627522E-03
   0.249500E+02   0.104766E+01   0.328150E-03
   0.250000E+02   0.104776E+01   0.869833E-04
   0.250500E+02   0.104754E+01  -0.160765E-04
   0.251000E+02   0.104702E+01   0.486326E-04
   0.251500E+02   0.104634E+01   0.254138E-03
   0.252000E+02   0.104561E+01   0.507306E-03
   0.252500E+02   0.104482E+01   0.673215E-03
   0.253000E+02   0.104396E+01   0.705047E-03
   0.253500E+02   0.104311E+01   0.689223E-03
   0.254000E+02   0.104237E+01   0.740243E-03
   0.254500E+02   0.104180E+01   0.871355E-03
   0.255000E+02   0.104135E+01   0.101689E-02
   0.255500E+02   0.104102E+01   0.113506E-02
   0.256000E+02   0.104080E+01   0.120138E-02
   0.256500E+02   0.104066E+01   0.120992E-02
   0.257000E+02   0.104058E+01   0.121690E-02
   0.257500E+02   0.104054E+01   0.130199E-02
   0.258000E+02   0.104057E+01   0.147141E-02
   0.258500E+02   0.104072E+01   0.164944E-02
   0.259000E+02   0.104102E+01   0.175337E-02
   0.259500E+02   0.104145E+01   0.172480E-02
   0.260000E+02   0.104203E+01   0.157397E-02
   0.260500E+02   0.104277E+01   0.136954E-02
   0.261000E+02   0.104365E+01   0.115288E-02
   0.261500E+02   0.104457E+01   0.900178E-03
   0.262000E+02   0.104540E+01   0.620620E-03
   0.262500E+02   0.104608E+01   0.415071E-03
   0.263000E+02   0.104669E+01   0.351233E-03
   0.263500E+02   0.104732E+01   0.415959E-03
   0.264000E+02   0.104799E+01   0.546755E-03
   0.264500E+02   0.104861E+01   0.644107E-03
   0.265000E+02   0.104911E+01   0.655680E-03
   0.265500E+02   0.104948E+01   0.611465E-03
   0.266000E+02   0.104970E+01   0.496148E-03
   0.266500E+02   0.104975E+01   0.238401E-03
   0.267000E+02   0.104963E+01  -0.963099E-04
   0.267500E+02   0.104942E+01  -0.292037E-03
   0.268000E+02   0.104920E+01  -0.228809E-03
   0.268500E+02   0.104897E+01   0.174467E-04
   0.269000E+02   0.104879E+01   0.321079E-03
   0.269500E+02   0.104874E+01   0.608627E-03
   0.270000E+02   0.104892E+01   0.822412E-03
   0.270500E+02   0.104937E+01   0.917981E-03
   0.271000E+02   0.105006E+01   0.911761E-03
   0.271500E+02   0.105083E+01   0.861753E-03
   0.272000E+02   0.105150E+01   0.807833E-03
   0.272500E+02   0.105197E+01   0.747921E-03
   0.273000E+02   0.105224E+01   0.698514E-03
   0.273500E+02   0.105231E+01   0.719536E-03
   0.274000E+02   0.105219E+01   0.864819E-03
   0.274500E+02   0.105194E+01   0.111559E-02
   0.275000E+02   0.105163E+01   0.139813E-02
   0.275500E+02   0.105128E+01   0.161040E-02
   0.276000E+02   0.105088E+01   0.166855E-02
   0.276500E+02   0.105040E+01   0.159067E-02
   0.277000E+02   0.104981E+01   0.143713E-02
   0.277500E+02   0.104914E+01   0.124844E-02
   0.278000E+02   0.104849E+01   0.106237E-02
   0.278500E+02   0.104794E+01   0.939189E-03
   0.279000E+02   0.104748E+01   0.919892E-03
   0.279500E+02   0.104711E+01   0.985625E-03
   0.280000E+02   0.104686E+01   0.108765E-02
   0.280500E+02   0.104672E+01   0.118107E-02
   0.281000E+02   0.104668E+01   0.127427E-02
   0.281500E+02   0.104666E+01   0.137647E-02
   0.282000E+02   0.104656E+01   0.143228E-02
   0.282500E+02   0.104631E+01   0.138002E-02
   0.283000E+02   0.104595E+01   0.122252E-02
   0.283500E+02   0.104557E+01   0.103335E-02
   0.284000E+02   0.104516E+01   0.876919E-03
   0.284500E+02   0.104471E+01   0.740798E-03
   0.285000E+02   0.104426E+01   0.602680E-03
   0.285500E+02   0.104388E+01   0.465782E-03
   0.286000E+02   0.104360E+01   0.339871E-03
   0.286500E+02   0.104345E+01   0.244439E-03
   0.287000E+02   0.104344E+01   0.230709E-03
   0.287500E+02   0.104349E+01   0.342435E-03
   0.288000E+02   0.104350E+01   0.564800E-03
   0.288500E+02   0.104341E+01   0.869145E-03
   0.289000E+02   0.104327E+01   0.125918E-02
   0.289500E+02   0.104311E+01   0.168310E-02
   0.290000E+02   0.104303E+01   0.205038E-02
   0.290500E+02   0.104305E+01   0.232860E-02
   0.291000E+02   0.104308E+01   0.251248E-02
   0.291500E+02   0.104305E+01   0.254321E-02
   0.292000E+02   0.104298E+01   0.243906E-02
   0.292500E+02   0.104296E+01   0.233496E-02
   0.293000E+02   0.104302E+01   0.228557E-02
   0.293500E+02   0.104318E+01   0.223813E-02
   0.294000E+02   0.104349E+01   0.218352E-02
   0.294500E+02   0.104393E+01   0.215688E-02
   0.295000E+02   0.104438E+01   0.217912E-02
   0.295500E+02   0.104475E+01   0.220488E-02
   0.296000E+02   0.104502E+01   0.212168E-02
   0.296500E+02   0.104523E+01   0.185279E-02
   0.297000E+02   0.104538E+01   0.143682E-02
   0.297500E+02   0.104544E+01   0.996712E-03
   0.298000E+02   0.104535E+01   0.662475E-03
   0.298500E+02   0.104513E+01   0.506645E-03
   0.299000E+02   0.104487E+01   0.521940E-03
   0.299500E+02   0.104466E+01   0.683734E-03
   0.300000E+02   0.104455E+01   0.999180E-03
   0.300500E+02   0.104456E+01   0.147366E-02
   0.301000E+02   0.104468E+01   0.205324E-02
   0.301500E+02   0.104493E+01   0.264346E-02
   0.302000E+02   0.104525E+01   0.312616E-02
   0.302500E+02   0.104561E+01   0.342456E-02
   0.303000E+02   0.104606E+01   0.354277E-02
   0.303500E+02   0.104672E+01   0.351806E-02
   0.304000E+02   0.104758E+01   0.337368E-02
   0.304500E+02   0.104852E+01   0.316782E-02
   0.305000E+02   0.104934E+01   0.299314E-02
   0.305500E+02   0.104996E+01   0.287411E-02
   0.306000E+02   0.105039E+01   0.279972E-02
   0.306500E+02   0.105066E+01   0.274601E-02
   0.307000E+02   0.105076E+01   0.265723E-02
   0.307500E+02   0.105068E+01   0.249891E-02
   0.308000E+02   0.105040E+01   0.228300E-02
   0.308500E+02   0.104996E+01   0.206327E-02
   0.309000E+02   0.104945E+01   0.189320E-02
   0.309500E+02   0.104897E+01   0.180383E-02
   0.310000E+02   0.104859E+01   0.183148E-02
   0.310500E+02   0.104836E+01   0.197970E-02
   0.311000E+02   0.104828E+01   0.219822E-02
   0.311500E+02   0.104829E+01   0.245607E-02
   0.312000E+02   0.104835E+01   0.275276E-02
   0.312500E+02   0.104841E+01   0.308694E-02
   0.313000E+02   0.104847E+01   0.341480E-02
   0.313500E+02   0.104854E+01   0.366298E-02
   0.314000E+02   0.104864E+01   0.374486E-02
   0.314500E+02   0.104879E+01   0.366845E-02
   0.315000E+02   0.104893E+01   0.354730E-02
   0.315500E+02   0.104895E+01   0.348131E-02
   0.316000E+02   0.104884E+01   0.349569E-02
   0.316500E+02   0.104858E+01   0.356650E-02
   0.317000E+02   0.104816E+01   0.361458E-02
   0.317500E+02   0.104763E+01   0.355641E-02
   0.318000E+02   0.104705E+01   0.333868E-02
   0.318500E+02   0.104647E+01   0.296540E-02
   0.319000E+02   0.104594E+01   0.252684E-02
   0.319500E+02   0.104543E+01   0.217663E-02
   0.320000E+02   0.104489E+01   0.203453E-02
   0.320500E+02   0.104443E+01   0.210416E-02
   0.321000E+02   0.104417E+01   0.230551E-02
   0.321500E+02   0.104421E+01   0.252286E-02
   0.322000E+02   0.104459E+01   0.264794E-02
   0.322500E+02   0.104533E+01   0.267151E-02
   0.323000E+02   0.104635E+01   0.267747E-02
   0.323500E+02   0.104757E+01   0.273840E-02
   0.324000E+02   0.104891E+01   0.287648E-02
   0.324500E+02   0.105019E+01   0.303678E-02
   0.325000E+02   0.105124E+01   0.314213E-02
   0.325500E+02   0.105197E+01   0.317487E-02
   0.326000E+02   0.105247E+01   0.317765E-02
   0.326500E+02   0.105276E+01   0.314952E-02
   0.327000E+02   0.105287E+01   0.306062E-02
   0.327500E+02   0.105278E+01   0.295075E-02
   0.328000E+02   0.105248E+01   0.287853E-02
   0.328500E+02   0.105198E+01   0.289339E-02
   0.329000E+02   0.105129E+01   0.301831E-02
   0.329500E+02   0.105044E+01   0.316168E-02
   0.330000E+02   0.104941E+01   0.318832E-02
   0.330500E+02   0.104820E+01   0.307629E-02
   0.331000E+02   0.104685E+01   0.292762E-02
   0.331500E+02   0.104552E+01   0.283539E-02
   0.332000E+02   0.104436E+01   0.279304E-02
   0.332500E+02   0.104346E+01   0.273369E-02
   0.333000E+02   0.104289E+01   0.257870E-02
   0.333500E+02   0.104267E+01   0.228644E-02
   0.334000E+02   0.104278E+01   0.187488E-02
   0.334500E+02   0.104310E+01   0.140989E-02
   0.335000E+02   0.104350E+01   0.984721E-03
   0.335500E+02   0.104398E+01   0.690968E-03
   0.336000E+02   0.104462E+01   0.574943E-03
   0.336500E+02   0.104538E+01   0.585332E-03
   0.337000E+02   0.104619E+01   0.644041E-03
   0.337500E+02   0.104693E+01   0.704497E-03
   0.338000E+02   0.104748E+01   0.752006E-03
   0.338500E+02   0.104781E+01   0.804085E-03
   0.339000E+02   0.104799E+01   0.859707E-03
   0.339500E+02   0.104809E+01   0.894024E-03
   0.340000E+02   0.104814E+01   0.903239E-03
   0.340500E+02   0.104812E+01   0.885547E-03
   0.341000E+02   0.104810E+01   0.829209E-03
   0.341500E+02   0.104815E+01   0.756271E-03
   0.342000E+02   0.104828E+01   0.722439E-03
   0.342500E+02   0.104840E+01   0.763284E-03
   0.343000E+02   0.104845E+01   0.845496E-03
   0.343500E+02   0.104839E+01   0.903823E-03
   0.344000E+02   0.104830E+01   0.894592E-03
   0.344500E+02   0.104822E+01   0.836494E-03
   0.345000E+02   0.104820E+01   0.790226E-03
   0.345500E+02   0.104823E+01   0.738028E-03
   0.346000E+02   0.104828E+01   0.630662E-03
   0.346500E+02   0.104829E+01   0.487822E-03
   0.347000E+02   0.104821E+01   0.357043E-03
   0.347500E+02   0.104803E+01   0.237176E-03
   0.348000E+02   0.104780E+01   0.759482E-04
   0.348500E+02   0.104757E+01  -0.104254E-03
   0.349000E+02   0.104730E+01  -0.208848E-03
   0.349500E+02   0.104692E+01  -0.218682E-03
   0.350000E+02   0.104640E+01  -0.190607E-03
   0.350500E+02   0.104578E+01  -0.185905E-03
   0.351000E+02   0.104514E+01  -0.231228E-03
   0.351500E+02   0.104450E+01  -0.312235E-03
   0.352000E+02   0.104393E+01  -0.397561E-03
   0.352500E+02   0.104349E+01  -0.413789E-03
   0.353000E+02   0.104323E+01  -0.282157E-03
   0.353500E+02   0.104315E+01  -0.555467E-05
   0.354000E+02   0.104327E+01   0.335084E-03
   0.354500E+02   0.104354E+01   0.672755E-03
   0.355000E+02   0.104395E+01   0.944927E-03
   0.355500E+02   0.104448E+01   0.107108E-02
   0.356000E+02   0.104509E+01   0.102545E-02
   0.356500E+02   0.104573E+01   0.859758E-03
   0.357000E+02   0.104641E+01   0.648075E-03
   0.357500E+02   0.104712E+01   0.483589E-03
   0.358000E+02   0.104780E+01   0.451350E-03
   0.358500E+02   0.104842E+01   0.567732E-03
   0.359000E+02   0.104893E+01   0.726765E-03
   0.359500E+02   0.104930E+01   0.765179E-03
   0.360000E+02   0.104954E+01   0.612949E-03
   0.360500E+02   0.104970E+01   0.308150E-03
   0.361000E+02   0.104983E+01  -0.368404E-04
   0.361500E+02   0.104992E+01  -0.269794E-03
   0.362000E+02   0.104992E+01  -0.323472E-03
   0.362500E+02   0.104976E+01  -0.244619E-03
   0.363000E+02   0.104944E+01  -0.119688E-03
   0.363500E+02   0.104904E+01  -0.189281E-04
   0.364000E+02   0.104867E+01   0.659336E-04
   0.364500E+02   0.104842E+01   0.152033E-03
   0.365000E+02   0.104838E+01   0.179607E-03
   0.365500E+02   0.104852E+01   0.130412E-03
   0.366000E+02   0.104871E+01   0.777063E-04
   0.366500E+02   0.104883E+01   0.494552E-04
   0.367000E+02   0.104892E+01  -0.777730E-05
   0.367500E+02   0.104901E+01  -0.133250E-03
   0.368000E+02   0.104914E+01  -0.284360E-03
   0.368500E+02   0.104930E+01  -0.361771E-03
   0.369000E+02   0.104947E+01  -0.299128E-03
   0.369500E+02   0.104971E+01  -0.117095E-03
   0.370000E+02   0.105003E+01   0.935391E-04
   0.370500E+02   0.105039E+01   0.228984E-03
   0.371000E+02   0.105073E+01   0.242477E-03
   0.371500E+02   0.105111E+01   0.131350E-03
   0.372000E+02   0.105159E+01  -0.745452E-04
   0.372500E+02   0.105223E+01  -0.295179E-03
   0.373000E+02   0.105294E+01  -0.441155E-03
   0.373500E+02   0.105358E+01  -0.486023E-03
   0.374000E+02   0.105406E+01  -0.503660E-03
   0.374500E+02   0.105435E+01  -0.612531E-03
   0.375000E+02   0.105450E+01  -0.800129E-03
   0.375500E+02   0.105461E+01  -0.937031E-03
   0.376000E+02   0.105471E+01  -0.101299E-02
   0.376500E+02   0.105477E+01  -0.109311E-02
   0.377000E+02   0.105477E+01  -0.115180E-02
   0.377500E+02   0.105467E+01  -0.111282E-02
   0.378000E+02   0.105447E+01  -0.980742E-03
   0.378500E+02   0.105430E+01  -0.813036E-03
   0.379000E+02   0.105425E+01  -0.665119E-03
   0.379500E+02   0.105432E+01  -0.521002E-03
   0.380000E+02   0.105444E+01  -0.320813E-03
   0.380500E+02   0.105448E+01  -0.109128E-03
   0.381000E+02   0.105438E+01   0.507866E-04
   0.381500E+02   0.105414E+01   0.170759E-03
   0.382000E+02   0.105376E+01   0.310553E-03
   0.382500E+02   0.105329E+01   0.518339E-03
   0.383000E+02   0.105289E+01   0.760560E-03
   0.383500E+02   0.105266E+01   0.101143E-02
   0.384000E+02   0.105256E+01   0.126654E-02
   0.384500E+02   0.105241E+01   0.150266E-02
   0.385000E+02   0.105205E+01   0.164127E-02
   0.385500E+02   0.105146E+01   0.159514E-02
   0.386000E+02   0.105075E+01   0.137024E-02
   0.386500E+02   0.105009E+01   0.107480E-02
   0.387000E+02   0.104956E+01   0.814303E-03
   0.387500E+02   0.104913E+01   0.626553E-03
   0.388000E+02   0.104872E+01   0.522032E-03
   0.388500E+02   0.104825E+01   0.464728E-03
   0.389000E+02   0.104770E+01   0.381356E-03
   0.389500E+02   0.104712E+01   0.252940E-03
   0.390000E+02   0.104662E+01   0.986666E-04
   0.390500E+02   0.104633E+01  -0.464020E-04
   0.391000E+02   0.104627E+01  -0.172468E-03
   0.391500E+02   0.104640E+01  -0.309171E-03
   0.392000E+02   0.104661E+01  -0.489026E-03
   0.392500E+02   0.104687E+01  -0.673980E-03
   0.393000E+02   0.104722E+01  -0.763710E-03
   0.393500E+02   0.104770E+01  -0.711541E-03
   0.394000E+02   0.104827E+01  -0.557089E-03
   0.394500E+02   0.104894E+01  -0.387594E-03
   0.395000E+02   0.104972E+01  -0.254112E-03
   0.395500E+02   0.105063E+01  -0.147473E-03
   0.396000E+02   0.105159E+01  -0.772337E-04
   0.396500E+02   0.105259E+01  -0.948662E-04
   0.397000E+02   0.105359E+01  -0.225742E-03
   0.397500E+02   0.105452E+01  -0.457149E-03
   0.398000E+02   0.105527E+01  -0.715361E-03
   0.398500E+02   0.105582E+01  -0.891816E-03
   0.399000E+02   0.105610E+01  -0.975975E-03
   0.399500E+02   0.105608E+01  -0.103511E-02
   0.400000E+02   0.105581E+01  -0.112467E-02
   0.400500E+02   0.105545E+01  -0.122463E-02
   0.401000E+02   0.105507E+01  -0.127162E-02
   0.401500E+02   0.105474E+01  -0.125304E-02
   0.402000E+02   0.105441E+01  -0.118913E-02
   0.402500E+02   0.105401E+01  -0.103703E-02
   0.403000E+02   0.105358E+01  -0.767252E-03
   0.403500E+02   0.105317E+01  -0.487617E-03
   0.404000E+02   0.105278E+01  -0.363471E-03
   0.404500E+02   0.105230E+01  -0.486988E-03
   0.405000E+02   0.105172E+01  -0.795599E-03
   0.405500E+02   0.105117E+01  -0.117625E-02
   0.406000E+02   0.105080E+01  -0.160945E-02
   0.406500E+02   0.105066E+01  -0.203496E-02
   0.407000E+02   0.105075E+01  -0.236844E-02
   0.407500E+02   0.105101E+01  -0.261991E-02
   0.408000E+02   0.105140E+01  -0.281054E-02
   0.408500E+02   0.105188E+01  -0.287851E-02
   0.409000E+02   0.105240E+01  -0.276592E-02
   0.409500E+02   0.105288E+01  -0.253760E-02
   0.410000E+02   0.105322E+01  -0.231888E-02
   0.410500E+02   0.105347E+01  -0.217482E-02
   0.411000E+02   0.105377E+01  -0.212782E-02
   0.411500E+02   0.105411E+01  -0.216574E-02
   0.412000E+02   0.105439E+01  -0.218089E-02
   0.412500E+02   0.105464E+01  -0.207491E-02
   0.413000E+02   0.105488E+01  -0.185049E-02
   0.413500E+02   0.105514E+01  -0.159814E-02
   0.414000E+02   0.105550E+01  -0.142954E-02
   0.414500E+02   0.105598E+01  -0.144071E-02
   0.415000E+02   0.105646E+01  -0.163045E-02
   0.415500E+02   0.105683E+01  -0.187169E-02
   0.416000E+02   0.105694E+01  -0.199996E-02
   0.416500E+02   0.105669E+01  -0.196594E-02
   0.417000E+02   0.105615E+01  -0.183460E-02
   0.417500E+02   0.105543E+01  -0.168207E-02
   0.418000E+02   0.105463E+01  -0.155370E-02
   0.418500E+02   0.105370E+01  -0.143200E-02
   0.419000E+02   0.105258E+01  -0.131406E-02
   0.419500E+02   0.105130E+01  -0.129343E-02
   0.420000E+02   0.104992E+01  -0.140341E-02
   0.420500E+02   0.104853E+01  -0.157192E-02
   0.421000E+02   0.104729E+01  -0.171298E-02
   0.421500E+02   0.104630E+01  -0.180713E-02
   0.422000E+02   0.104547E+01  -0.187484E-02
   0.422500E+02   0.104471E+01  -0.192475E-02
   0.423000E+02   0.104397E+01  -0.197076E-02
   0.423500E+02   0.104333E+01  -0.199860E-02
   0.424000E+02   0.104293E+01  -0.197154E-02
   0.424500E+02   0.104287E+01  -0.190573E-02
   0.425000E+02   0.104312E+01  -0.180936E-02
   0.425500E+02   0.104357E+01  -0.170319E-02
   0.426000E+02   0.104411E+01  -0.164284E-02
   0.426500E+02   0.104473E+01  -0.165574E-02
   0.427000E+02   0.104538E+01  -0.172892E-02
   0.427500E+02   0.104603E+01  -0.182619E-02
   0.428000E+02   0.104676E+01  -0.188169E-02
   0.428500E+02   0.104764E+01  -0.180325E-02
   0.429000E+02   0.104863E+01  -0.157537E-02
   0.429500E+02   0.104959E+01  -0.131694E-02
   0.430000E+02   0.105038E+01  -0.113491E-02
   0.430500E+02   0.105095E+01  -0.107986E-02
   0.431000E+02   0.105138E+01  -0.119032E-02
   0.431500E+02   0.105174E+01  -0.142537E-02
   0.432000E+02   0.105204E+01  -0.166285E-02
   0.432500E+02   0.105218E+01  -0.179296E-02
   0.433000E+02   0.105216E+01  -0.175188E-02
   0.433500E+02   0.105201E+01  -0.157406E-02
   0.434000E+02   0.105178E+01  -0.138977E-02
   0.434500E+02   0.105154E+01  -0.129536E-02
   0.435000E+02   0.105128E+01  -0.127209E-02
   0.435500E+02   0.105085E+01  -0.124216E-02
   0.436000E+02   0.105018E+01  -0.114590E-02
   0.436500E+02   0.104929E+01  -0.979002E-03
   0.437000E+02   0.104822E+01  -0.811643E-03
   0.437500E+02   0.104710E+01  -0.713085E-03
   0.438000E+02   0.104617E+01  -0.667252E-03
   0.438500E+02   0.104555E+01  -0.659504E-03
   0.439000E+02   0.104515E+01  -0.722136E-03
   0.439500E+02   0.104484E+01  -0.848946E-03
   0.440000E+02   0.104459E+01  -0.965259E-03
   0.440500E+02   0.104442E+01  -0.101882E-02
   0.441000E+02   0.104436E+01  -0.103133E-02
   0.441500E+02   0.104440E+01  -0.102527E-02
   0.442000E+02   0.104457E+01  -0.998436E-03
   0.442500E+02   0.104492E+01  -0.921507E-03
   0.443000E+02   0.104553E+01  -0.712353E-03
   0.443500E+02   0.104642E+01  -0.344588E-03
   0.444000E+02   0.104751E+01   0.952310E-04
   0.444500E+02   0.104868E+01   0.476831E-03
   0.445000E+02   0.104983E+01   0.721819E-03
   0.445500E+02   0.105094E+01   0.864482E-03
   0.446000E+02   0.105199E+01   0.994239E-03
   0.446500E+02   0.105296E+01   0.116509E-02
   0.447000E+02   0.105386E+01   0.135475E-02
   0.447500E+02   0.105459E+01   0.150178E-02
   0.448000E+02   0.105508E+01   0.157091E-02
   0.448500E+02   0.105536E+01   0.157348E-02
   0.449000E+02   0.105551E+01   0.150417E-02
   0.449500E+02   0.105551E+01   0.133049E-02
   0.450000E+02   0.105532E+01   0.106003E-02
   0.450500E+02   0.105493E+01   0.710618E-03
   0.451000E+02   0.105436E+01   0.297099E-03
   0.451500E+02   0.105365E+01  -0.166073E-03
   0.452000E+02   0.105278E+01  -0.615121E-03
   0.452500E+02   0.105167E+01  -0.947974E-03
   0.453000E+02   0.105031E+01  -0.108274E-02
   0.453500E+02   0.104878E+01  -0.954321E-03
   0.454000E+02   0.104723E+01  -0.565699E-03
   0.454500E+02   0.104575E+01  -0.508142E-05
   0.455000E+02   0.104441E+01   0.629673E-03
   0.455500E+02   0.104326E+01   0.122151E-02
   0.456000E+02   0.104234E+01   0.162675E-02
   0.456500E+02   0.104167E+01   0.176612E-02
   0.457000E+02   0.104127E+01   0.170208E-02
   0.457500E+02   0.104114E+01   0.158846E-02
   0.458000E+02   0.104126E+01   0.155000E-02
   0.458500E+02   0.104156E+01   0.157932E-02
   0.459000E+02   0.104197E+01   0.158881E-02
   0.459500E+02   0.104250E+01   0.155385E-02
   0.460000E+02   0.104315E+01   0.152811E-02
   0.460500E+02   0.104388E+01   0.155427E-02
   0.461000E+02   0.104459E+01   0.159141E-02
   0.461500E+02   0.104517E+01   0.158390E-02
   0.462000E+02   0.104563E+01   0.155029E-02
   0.462500E+02   0.104605E+01   0.152412E-02
   0.463000E+02   0.104654E+01   0.151254E-02
   0.463500E+02   0.104714E+01   0.152184E-02
   0.464000E+02   0.104779E+01   0.155409E-02
   0.464500E+02   0.104841E+01   0.163407E-02
   0.465000E+02   0.104893E+01   0.177366E-02
   0.465500E+02   0.104940E+01   0.195931E-02
   0.466000E+02   0.104983E+01   0.218487E-02
   0.466500E+02   0.105017E+01   0.237813E-02
   0.467000E+02   0.105036E+01   0.238410E-02
   0.467500E+02   0.105034E+01   0.206622E-02
   0.468000E+02   0.105011E+01   0.142217E-02
   0.468500E+02   0.104970E+01   0.647551E-03
   0.469000E+02   0.104915E+01   0.374595E-05
   0.469500E+02   0.104849E+01  -0.450482E-03
   0.470000E+02   0.104779E+01  -0.825668E-03
   0.470500E+02   0.104716E+01  -0.117481E-02
   0.471000E+02   0.104670E+01  -0.144579E-02
   0.471500E+02   0.104644E+01  -0.156250E-02
   0.472000E+02   0.104635E+01  -0.150541E-02
   0.472500E+02   0.104634E+01  -0.133258E-02
   0.473000E+02   0.104639E+01  -0.115246E-02
   0.473500E+02   0.104654E+01  -0.105187E-02
   0.474000E+02   0.104686E+01  -0.100125E-02
   0.474500E+02   0.104732E+01  -0.910944E-03
   0.475000E+02   0.104784E+01  -0.760027E-03
   0.475500E+02   0.104835E+01  -0.562899E-03
   0.476000E+02   0.104887E+01  -0.306923E-03
   0.476500E+02   0.104948E+01   0.223261E-04
   0.477000E+02   0.105022E+01   0.416332E-03
   0.477500E+02   0.105102E+01   0.820353E-03
   0.478000E+02   0.105184E+01   0.117035E-02
   0.478500E+02   0.105262E+01   0.144594E-02
   0.479000E+02   0.105336E+01   0.167217E-02
   0.479500E+02   0.105406E+01   0.188082E-02
   0.480000E+02   0.105479E+01   0.203722E-02
   0.480500E+02   0.105553E+01   0.205983E-02
   0.481000E+02   0.105617E+01   0.193992E-02
   0.481500E+02   0.105655E+01   0.174296E-02
   0.482000E+02   0.105658E+01   0.148945E-02
   0.482500E+02   0.105630E+01   0.115084E-02
   0.483000E+02   0.105585E+01   0.750214E-03
   0.483500E+02   0.105536E+01   0.355075E-03
   0.484000E+02   0.105484E+01  -0.303109E-05
   0.484500E+02   0.105422E+01  -0.340537E-03
   0.485000E+02   0.105351E+01  -0.683320E-03
   0.485500E+02   0.105271E+01  -0.993661E-03
   0.486000E+02   0.105183E+01  -0.123551E-02
   0.486500E+02   0.105096E+01  -0.140020E-02
   0.487000E+02   0.105014E+01  -0.147324E-02
   0.487500E+02   0.104938E+01  -0.145715E-02
   0.488000E+02   0.104866E+01  -0.135047E-02
   0.488500E+02   0.104800E+01  -0.114077E-02
   0.489000E+02   0.104746E+01  -0.812948E-03
   0.489500E+02   0.104713E+01  -0.380280E-03
   0.490000E+02   0.104703E+01   0.773982E-04
   0.490500E+02   0.104714E+01   0.497965E-03
   0.491000E+02   0.104744E+01   0.895003E-03
   0.491500E+02   0.104789E+01   0.125906E-02
   0.492000E+02   0.104841E+01   0.149142E-02
   0.492500E+02   0.104896E+01   0.153138E-02
   0.493000E+02   0.104951E+01   0.141761E-02
   0.493500E+02   0.105009E+01   0.127967E-02
   0.494000E+02   0.105074E+01   0.126580E-02
   0.494500E+02   0.105151E+01   0.138279E-02
   0.495000E+02   0.105242E+01   0.159143E-02
   0.495500E+02   0.105358E+01   0.185497E-02
   0.496000E+02   0.105494E+01   0.209693E-02
   0.496500E+02   0.105630E+01   0.222004E-02
   0.497000E+02   0.105748E+01   0.210623E-02
   0.497500E+02   0.105849E+01   0.175472E-02
   0.498000E+02   0.105940E+01   0.133848E-02
   0.498500E+02   0.106028E+01   0.103549E-02
   0.499000E+02   0.106110E+01   0.838679E-03
   0.499500E+02   0.106173E+01   0.579378E-03
   0.500000E+02   0.106207E+01   0.187610E-03
   0.500500E+02   0.106217E+01  -0.238675E-03
   0.501000E+02   0.106219E+01  -0.598340E-03
   0.501500E+02   0.106223E+01  -0.897616E-03
   0.502000E+02   0.106227E+01  -0.121025E-02
   0.502500E+02   0.106220E+01  -0.155432E-02
   0.503000E+02   0.106194E+01  -0.187117E-02
   0.503500E+02   0.106156E+01  -0.212361E-02
   0.504000E+02   0.106111E+01  -0.229410E-02
   0.504500E+02   0.106067E+01  -0.238553E-02
   0.505000E+02   0.106039E+01  -0.243818E-02
   0.505500E+02   0.106032E+01  -0.248243E-02
   0.506000E+02   0.106034E+01  -0.251609E-02
   0.506500E+02   0.106032E+01  -0.245376E-02
   0.507000E+02   0.106032E+01  -0.217241E-02
   0.507500E+02   0.106050E+01  -0.170482E-02
   0.508000E+02   0.106093E+01  -0.121822E-02
   0.508500E+02   0.106149E+01  -0.844881E-03
   0.509000E+02   0.106204E+01  -0.578865E-03
   0.509500E+02   0.106254E+01  -0.380517E-03
   0.510000E+02   0.106300E+01  -0.277001E-03
   0.510500E+02   0.106340E+01  -0.276977E-03
   0.511000E+02   0.106375E+01  -0.367456E-03
   0.511500E+02   0.106404E+01  -0.516848E-03
   0.512000E+02   0.106427E+01  -0.709419E-03
   0.512500E+02   0.106448E+01  -0.910155E-03
   0.513000E+02   0.106475E+01  -0.106991E-02
   0.513500E+02   0.106514E+01  -0.122095E-02
   0.514000E+02   0.106562E+01  -0.141982E-02
   0.514500E+02   0.106612E+01  -0.168978E-02
   0.515000E+02   0.106656E+01  -0.198565E-02
   0.515500E+02   0.106685E+01  -0.221558E-02
   0.516000E+02   0.106700E+01  -0.232451E-02
   0.516500E+02   0.106708E+01  -0.237330E-02
   0.517000E+02   0.106719E+01  -0.245319E-02
   0.517500E+02   0.106725E+01  -0.259462E-02
   0.518000E+02   0.106710E+01  -0.282255E-02
   0.518500E+02   0.106671E+01  -0.311562E-02
   0.519000E+02   0.106609E+01  -0.333298E-02
   0.519500E+02   0.106532E+01  -0.331445E-02
   0.520000E+02   0.106455E+01  -0.306126E-02
   0.520500E+02   0.106396E+01  -0.273331E-02
   0.521000E+02   0.106354E+01  -0.250843E-02
   0.521500E+02   0.106317E+01  -0.245461E-02
   0.522000E+02   0.106285E+01  -0.253802E-02
   0.522500E+02   0.106260E+01  -0.270480E-02
   0.523000E+02   0.106234E+01  -0.289455E-02
   0.523500E+02   0.106201E+01  -0.303995E-02
   0.524000E+02   0.106158E+01  -0.306146E-02
   0.524500E+02   0.106108E+01  -0.292974E-02
   0.525000E+02   0.106055E+01  -0.278247E-02
   0.525500E+02   0.106008E+01  -0.276168E-02
   0.526000E+02   0.105979E+01  -0.281001E-02
   0.526500E+02   0.105974E+01  -0.281905E-02
   0.527000E+02   0.105984E+01  -0.277013E-02
   0.527500E+02   0.105998E+01  -0.264823E-02
   0.528000E+02   0.106023E+01  -0.246780E-02
   0.528500E+02   0.106069E+01  -0.233507E-02
   0.529000E+02   0.106133E+01  -0.234807E-02
   0.529500E+02   0.106216E+01  -0.244872E-02
   0.530000E+02   0.106311E+01  -0.250342E-02
   0.530500E+02   0.106410E+01  -0.247817E-02
   0.531000E+02   0.106507E+01  -0.241533E-02
   0.531500E+02   0.106600E+01  -0.233632E-02
   0.532000E+02   0.106687E+01  -0.226861E-02
   0.532500E+02   0.106758E+01  -0.225764E-02
   0.533000E+02   0.106808E+01  -0.230481E-02
   0.533500E+02   0.106840E+01  -0.234656E-02
   0.534000E+02   0.106860E+01  -0.234243E-02
   0.534500E+02   0.106861E+01  -0.232891E-02
   0.535000E+02   0.106833E+01  -0.237672E-02
   0.535500E+02   0.106775E+01  -0.251357E-02
   0.536000E+02   0.106693E+01  -0.274306E-02
   0.536500E+02   0.106594E+01  -0.307967E-02
   0.537000E+02   0.106485E+01  -0.347719E-02
   0.537500E+02   0.106378E+01  -0.385746E-02
   0.538000E+02   0.106283E+01  -0.411015E-02
   0.538500E+02   0.106205E+01  -0.412696E-02
   0.539000E+02   0.106141E+01  -0.388499E-02
   0.539500E+02   0.106082E+01  -0.345631E-02
   0.540000E+02   0.106026E+01  -0.300235E-02
   0.540500E+02   0.105979E+01  -0.265073E-02
   0.541000E+02   0.105952E+01  -0.243893E-02
   0.541500E+02   0.105953E+01  -0.235311E-02
   0.542000E+02   0.105993E+01  -0.233326E-02
   0.542500E+02   0.106074E+01  -0.233429E-02
   0.543000E+02   0.106185E+01  -0.238671E-02
   0.543500E+02   0.106304E+01  -0.251768E-02
   0.544000E+02   0.106415E+01  -0.266562E-02
   0.544500E+02   0.106508E+01  -0.272854E-02
   0.545000E+02   0.106580E+01  -0.266654E-02
   0.545500E+02   0.106635E+01  -0.252957E-02
   0.546000E+02   0.106669E+01  -0.238012E-02
   0.546500E+02   0.106684E+01  -0.225966E-02
   0.547000E+02   0.106684E+01  -0.220624E-02
   0.547500E+02   0.106670E+01  -0.223838E-02
   0.548000E+02   0.106642E+01  -0.235948E-02
   0.548500E+02   0.106600E+01  -0.254789E-02
   0.549000E+02   0.106546E+01  -0.275369E-02
   0.549500E+02   0.106481E+01  -0.297494E-02
   0.550000E+02   0.106411E+01  -0.323397E-02
   0.550500E+02   0.106336E+01  -0.349182E-02
   0.551000E+02   0.106253E+01  -0.367748E-02
   0.551500E+02   0.106161E+01  -0.377988E-02
   0.552000E+02   0.106065E+01  -0.379050E-02
   0.552500E+02   0.105977E+01  -0.373271E-02
   0.553000E+02   0.105904E+01  -0.367132E-02
   0.553500E+02   0.105849E+01  -0.359832E-02
   0.554000E+02   0.105806E+01  -0.349061E-02
   0.554500E+02   0.105772E+01  -0.337907E-02
   0.555000E+02   0.105748E+01  -0.331934E-02
   0.555500E+02   0.105736E+01  -0.337081E-02
   0.556000E+02   0.105733E+01  -0.353347E-02
   0.556500E+02   0.105733E+01  -0.373232E-02
   0.557000E+02   0.105735E+01  -0.388233E-02
   0.557500E+02   0.105746E+01  -0.395953E-02
   0.558000E+02   0.105768E+01  -0.397355E-02
   0.558500E+02   0.105801E+01  -0.396768E-02
   0.559000E+02   0.105848E+01  -0.402860E-02
   0.559500E+02   0.105903E+01  -0.419459E-02
   0.560000E+02   0.105958E+01  -0.440548E-02
   0.560500E+02   0.106001E+01  -0.459182E-02
   0.561000E+02   0.106029E+01  -0.471350E-02
   0.561500E+02   0.106048E+01  -0.477866E-02
   0.562000E+02   0.106062E+01  -0.485348E-02
   0.562500E+02   0.106071E+01  -0.497844E-02
   0.563000E+02   0.106075E+01  -0.514861E-02
   0.563500E+02   0.106071E+01  -0.535979E-02
   0.564000E+02   0.106058E+01  -0.555117E-02
   0.564500E+02   0.106035E+01  -0.566147E-02
   0.565000E+02   0.106008E+01  -0.570031E-02
   0.565500E+02   0.105989E+01  -0.568097E-02
   0.566000E+02   0.105983E+01  -0.557416E-02
   0.566500E+02   0.105981E+01  -0.541564E-02
   0.567000E+02   0.105977E+01  -0.532901E-02
   0.567500E+02   0.105972E+01  -0.541622E-02
   0.568000E+02   0.105967E+01  -0.566103E-02
   0.568500E+02   0.105971E+01  -0.595103E-02
   0.569000E+02   0.105992E+01  -0.622757E-02
   0.569500E+02   0.106029E+01  -0.647758E-02
   0.570000E+02   0.106077E+01  -0.664165E-02
   0.570500E+02   0.106130E+01  -0.669762E-02
   0.571000E+02   0.106179E+01  -0.667552E-02
   0.571500E+02   0.106216E+01  -0.652150E-02
   0.572000E+02   0.106236E+01  -0.618712E-02
   0.572500E+02   0.106239E+01  -0.574949E-02
   0.573000E+02   0.106241E+01  -0.530093E-02
   0.573500E+02   0.106252E+01  -0.489408E-02
   0.574000E+02   0.106276E+01  -0.453917E-02
   0.574500E+02   0.106301E+01  -0.425315E-02
   0.575000E+02   0.106314E+01  -0.408929E-02
   0.575500E+02   0.106311E+01  -0.406166E-02
   0.576000E+02   0.106297E+01  -0.414176E-02
   0.576500E+02   0.106279E+01  -0.424696E-02
   0.577000E+02   0.106257E+01  -0.422658E-02
   0.577500E+02   0.106237E+01  -0.401749E-02
   0.578000E+02   0.106218E+01  -0.375402E-02
   0.578500E+02   0.106198E+01  -0.365419E-02
   0.579000E+02   0.106176E+01  -0.378862E-02
   0.579500E+02   0.106151E+01  -0.400830E-02
   0.580000E+02   0.106122E+01  -0.419841E-02
   0.580500E+02   0.106092E+01  -0.440337E-02
   0.581000E+02   0.106067E+01  -0.464723E-02
   0.581500E+02   0.106040E+01  -0.483544E-02
   0.582000E+02   0.106001E+01  -0.492302E-02
   0.582500E+02   0.105948E+01  -0.494897E-02
   0.583000E+02   0.105884E+01  -0.497336E-02
   0.583500E+02   0.105811E+01  -0.506665E-02
   0.584000E+02   0.105732E+01  -0.518307E-02
   0.584500E+02   0.105657E+01  -0.532879E-02
   0.585000E+02   0.105604E+01  -0.557746E-02
   0.585500E+02   0.105580E+01  -0.590858E-02
   0.586000E+02   0.105583E+01  -0.614793E-02
   0.586500E+02   0.105602E+01  -0.616315E-02
   0.587000E+02   0.105624E+01  -0.603309E-02
   0.587500E+02   0.105639E+01  -0.587911E-02
   0.588000E+02   0.105639E+01  -0.572457E-02
   0.588500E+02   0.105626E+01  -0.551316E-02
   0.589000E+02   0.105599E+01  -0.521870E-02
   0.589500E+02   0.105564E+01  -0.484503E-02
   0.590000E+02   0.105536E+01  -0.446412E-02
   0.590500E+02   0.105521E+01  -0.412230E-02
   0.591000E+02   0.105509E+01  -0.380606E-02
   0.591500E+02   0.105498E+01  -0.357062E-02
   0.592000E+02   0.105497E+01  -0.343978E-02
   0.592500E+02   0.105514E+01  -0.345691E-02
   0.593000E+02   0.105547E+01  -0.368717E-02
   0.593500E+02   0.105585E+01  -0.409548E-02
   0.594000E+02   0.105624E+01  -0.459566E-02
   0.594500E+02   0.105672E+01  -0.511414E-02
   0.595000E+02   0.105729E+01  -0.565700E-02
   0.595500E+02   0.105788E+01  -0.622604E-02
   0.596000E+02   0.105844E+01  -0.671410E-02
   0.596500E+02   0.105886E+01  -0.701332E-02
   0.597000E+02   0.105908E+01  -0.710939E-02
   0.597500E+02   0.105913E+01  -0.701938E-02
   0.598000E+02   0.105916E+01  -0.679696E-02
   0.598500E+02   0.105923E+01  -0.648340E-02
   0.599000E+02   0.105926E+01  -0.620301E-02
   0.599500E+02   0.105928E+01  -0.600947E-02
   0.600000E+02   0.105940E+01  -0.581443E-02
   0.600500E+02   0.105961E+01  -0.552204E-02
   0.601000E+02   0.105985E+01  -0.512429E-02
   0.601500E+02   0.106014E+01  -0.473694E-02
   0.602000E+02   0.106046E+01  -0.449913E-02
   0.602500E+02   0.106076E+01  -0.442510E-02
   0.603000E+02   0.106099E+01  -0.434674E-02
   0.603500E+02   0.106109E+01  -0.414844E-02
   0.604000E+02   0.106102E+01  -0.389829E-02
   0.604500E+02   0.106078E+01  -0.373327E-02
   0.605000E+02   0.106041E+01  -0.380284E-02
   0.605500E+02   0.105995E+01  -0.406322E-02
   0.606000E+02   0.105955E+01  -0.431418E-02
   0.606500E+02   0.105937E+01  -0.436622E-02
   0.607000E+02   0.105942E+01  -0.414608E-02
   0.607500E+02   0.105959E+01  -0.382659E-02
   0.608000E+02   0.105982E+01  -0.359308E-02
   0.608500E+02   0.106006E+01  -0.340179E-02
   0.609000E+02   0.106033E+01  -0.319850E-02
   0.609500E+02   0.106067E+01  -0.303253E-02
   0.610000E+02   0.106108E+01  -0.297180E-02
   0.610500E+02   0.106152E+01  -0.312343E-02
   0.611000E+02   0.106192E+01  -0.349121E-02
   0.611500E+02   0.106228E+01  -0.390274E-02
   0.612000E+02   0.106257E+01  -0.412850E-02
   0.612500E+02   0.106274E+01  -0.407420E-02
   0.613000E+02   0.106274E+01  -0.379128E-02
   0.613500E+02   0.106253E+01  -0.331732E-02
   0.614000E+02   0.106222E+01  -0.272327E-02
   0.614500E+02   0.106189E+01  -0.221914E-02
   0.615000E+02   0.106153E+01  -0.195730E-02
   0.615500E+02   0.106113E+01  -0.195714E-02
   0.616000E+02   0.106075E+01  -0.223299E-02
   0.616500E+02   0.106045E+01  -0.270341E-02
   0.617000E+02   0.106019E+01  -0.320207E-02
   0.617500E+02   0.105998E+01  -0.360087E-02
   0.618000E+02   0.105990E+01  -0.384557E-02
   0.618500E+02   0.105996E+01  -0.397971E-02
   0.619000E+02   0.106010E+01  -0.402738E-02
   0.619500E+02   0.106028E+01  -0.397416E-02
   0.620000E+02   0.106053E+01  -0.390590E-02
   0.620500E+02   0.106089E+01  -0.384686E-02
   0.621000E+02   0.106137E+01  -0.376121E-02
   0.621500E+02   0.106187E+01  -0.369794E-02
   0.622000E+02   0.106231E+01  -0.370652E-02
   0.622500E+02   0.106259E+01  -0.370767E-02
   0.623000E+02   0.106275E+01  -0.362049E-02
   0.623500E+02   0.106287E+01  -0.341936E-02
   0.624000E+02   0.106300E+01  -0.309694E-02
   0.624500E+02   0.106310E+01  -0.273718E-02
   0.625000E+02   0.106320E+01  -0.242151E-02
   0.625500E+02   0.106334E+01  -0.218264E-02
   0.626000E+02   0.106354E+01  -0.211231E-02
   0.626500E+02   0.106383E+01  -0.229806E-02
   0.627000E+02   0.106428E+01  -0.275279E-02
   0.627500E+02   0.106488E+01  -0.333592E-02
   0.628000E+02   0.106551E+01  -0.388382E-02
   0.628500E+02   0.106607E+01  -0.435598E-02
   0.629000E+02   0.106661E+01  -0.469410E-02
   0.629500E+02   0.106720E+01  -0.478840E-02
   0.630000E+02   0.106784E+01  -0.458601E-02
   0.630500E+02   0.106843E+01  -0.415670E-02
   0.631000E+02   0.106881E+01  -0.366702E-02
   0.631500E+02   0.106893E+01  -0.334404E-02
   0.632000E+02   0.106887E+01  -0.327185E-02
   0.632500E+02   0.106875E+01  -0.331052E-02
   0.633000E+02   0.106871E+01  -0.335365E-02
   0.633500E+02   0.106881E+01  -0.338163E-02
   0.634000E+02   0.106904E+01  -0.340618E-02
   0.634500E+02   0.106937E+01  -0.344742E-02
   0.635000E+02   0.106974E+01  -0.352552E-02
   0.635500E+02   0.107003E+01  -0.365715E-02
   0.636000E+02   0.107016E+01  -0.385258E-02
   0.636500E+02   0.107018E+01  -0.404958E-02
   0.637000E+02   0.107015E+01  -0.412651E-02
   0.637500E+02   0.107001E+01  -0.408480E-02
   0.638000E+02   0.106974E+01  -0.401651E-02
   0.638500E+02   0.106935E+01  -0.401243E-02
   0.639000E+02   0.106890E+01  -0.406661E-02
   0.639500E+02   0.106855E+01  -0.412022E-02
   0.640000E+02   0.106842E+01  -0.411470E-02
   0.640500E+02   0.106860E+01  -0.403788E-02
   0.641000E+02   0.106904E+01  -0.392414E-02
   0.641500E+02   0.106965E+01  -0.386018E-02
   0.642000E+02   0.107022E+01  -0.398818E-02
   0.642500E+02   0.107067E+01  -0.442839E-02
   0.643000E+02   0.107105E+01  -0.506191E-02
   0.643500E+02   0.107137E+01  -0.550604E-02
   0.644000E+02   0.107162E+01  -0.548187E-02
   0.644500E+02   0.107179E+01  -0.503573E-02
   0.645000E+02   0.107187E+01  -0.442289E-02
   0.645500E+02   0.107185E+01  -0.385195E-02
   0.646000E+02   0.107173E+01  -0.340617E-02
   0.646500E+02   0.107160E+01  -0.317262E-02
   0.647000E+02   0.107148E+01  -0.324808E-02
   0.647500E+02   0.107140E+01  -0.362562E-02
   0.648000E+02   0.107140E+01  -0.413182E-02
   0.648500E+02   0.107150E+01  -0.458152E-02
   0.649000E+02   0.107168E+01  -0.496754E-02
   0.649500E+02   0.107188E+01  -0.526826E-02
   0.650000E+02   0.107207E+01  -0.533665E-02
   0.650500E+02   0.107218E+01  -0.516427E-02
   0.651000E+02   0.107217E+01  -0.492591E-02
   0.651500E+02   0.107209E+01  -0.480330E-02
   0.652000E+02   0.107201E+01  -0.486930E-02
   0.652500E+02   0.107189E+01  -0.509260E-02
   0.653000E+02   0.107167E+01  -0.535851E-02
   0.653500E+02   0.107140E+01  -0.556667E-02
   0.654000E+02   0.107113E+01  -0.565013E-02
   0.654500E+02   0.107098E+01  -0.551166E-02
   0.655000E+02   0.107105E+01  -0.506832E-02
   0.655500E+02   0.107133E+01  -0.436143E-02
   0.656000E+02   0.107180E+01  -0.355522E-02
   0.656500E+02   0.107240E+01  -0.278826E-02
   0.657000E+02   0.107306E+01  -0.206309E-02
   0.657500E+02   0.107364E+01  -0.140231E-02
   0.658000E+02   0.107401E+01  -0.881244E-03
   0.658500E+02   0.107412E+01  -0.556519E-03
   0.659000E+02   0.107412E+01  -0.504555E-03
   0.659500E+02   0.107408E+01  -0.777000E-03
   0.660000E+02   0.107403E+01  -0.131295E-02
   0.660500E+02   0.107402E+01  -0.197248E-02
   0.661000E+02   0.107414E+01  -0.262053E-02
   0.661500E+02   0.107441E+01  -0.317022E-02
   0.662000E+02   0.107478E+01  -0.354972E-02
   0.662500E+02   0.107521E+01  -0.375661E-02
   0.663000E+02   0.107571E+01  -0.385047E-02
   0.663500E+02   0.107617E+01  -0.387899E-02
   0.664000E+02   0.107652E+01  -0.385592E-02
   0.664500E+02   0.107680E+01  -0.384984E-02
   0.665000E+02   0.107700E+01  -0.403035E-02
   0.665500E+02   0.107702E+01  -0.448610E-02
   0.666000E+02   0.107689E+01  -0.509733E-02
   0.666500E+02   0.107680E+01  -0.566973E-02
   0.667000E+02   0.107677E+01  -0.612909E-02
   0.667500E+02   0.107677E+01  -0.652469E-02
   0.668000E+02   0.107688E+01  -0.683977E-02
   0.668500E+02   0.107715E+01  -0.695225E-02
   0.669000E+02   0.107742E+01  -0.679010E-02
   0.669500E+02   0.107759E+01  -0.636650E-02
   0.670000E+02   0.107763E+01  -0.580519E-02
   0.670500E+02   0.107762E+01  -0.528220E-02
   0.671000E+02   0.107753E+01  -0.487327E-02
   0.671500E+02   0.107724E+01  -0.455297E-02
   0.672000E+02   0.107685E+01  -0.429484E-02
   0.672500E+02   0.107654E+01  -0.410902E-02
   0.673000E+02   0.107627E+01  -0.404441E-02
   0.673500E+02   0.107597E+01  -0.409500E-02
   0.674000E+02   0.107569E+01  -0.415363E-02
   0.674500E+02   0.107541E+01  -0.422032E-02
   0.675000E+02   0.107507E+01  -0.432724E-02
   0.675500E+02   0.107467E+01  -0.437932E-02
   0.676000E+02   0.107428E+01  -0.437352E-02
   0.676500E+02   0.107398E+01  -0.440193E-02
   0.677000E+02   0.107390E+01  -0.455319E-02
   0.677500E+02   0.107404E+01  -0.487087E-02
   0.678000E+02   0.107439E+01  -0.534912E-02
   0.678500E+02   0.107488E+01  -0.597207E-02
   0.679000E+02   0.107545E+01  -0.667324E-02
   0.679500E+02   0.107597E+01  -0.731585E-02
   0.680000E+02   0.107624E+01  -0.776927E-02
   0.680500E+02   0.107615E+01  -0.801145E-02
   0.681000E+02   0.107576E+01  -0.813772E-02
   0.681500E+02   0.107513E+01  -0.826621E-02
   0.682000E+02   0.107434E+01  -0.845528E-02
   0.682500E+02   0.107356E+01  -0.866802E-02
   0.683000E+02   0.107284E+01  -0.880789E-02
   0.683500E+02   0.107221E+01  -0.873751E-02
   0.684000E+02   0.107180E+01  -0.846343E-02
   0.684500E+02   0.107177E+01  -0.809944E-02
   0.685000E+02   0.107208E+01  -0.770660E-02
   0.685500E+02   0.107251E+01  -0.732315E-02
   0.686000E+02   0.107294E+01  -0.692287E-02
   0.686500E+02   0.107327E+01  -0.644589E-02
   0.687000E+02   0.107342E+01  -0.589695E-02
   0.687500E+02   0.107328E+01  -0.537489E-02
   0.688000E+02   0.107284E+01  -0.496022E-02
   0.688500E+02   0.107217E+01  -0.466450E-02
   0.689000E+02   0.107135E+01  -0.449769E-02
   0.689500E+02   0.107054E+01  -0.447453E-02
   0.690000E+02   0.106997E+01  -0.462481E-02
   0.690500E+02   0.106975E+01  -0.496309E-02
   0.691000E+02   0.106977E+01  -0.544920E-02
   0.691500E+02   0.106984E+01  -0.601948E-02
   0.692000E+02   0.106989E+01  -0.659853E-02
   0.692500E+02   0.107013E+01  -0.715237E-02
   0.693000E+02   0.107068E+01  -0.762097E-02
   0.693500E+02   0.107132E+01  -0.795349E-02
   0.694000E+02   0.107191E+01  -0.819109E-02
   0.694500E+02   0.107242E+01  -0.841938E-02
   0.695000E+02   0.107285E+01  -0.854972E-02
   0.695500E+02   0.107327E+01  -0.838424E-02
   0.696000E+02   0.107361E+01  -0.792165E-02
   0.696500E+02   0.107386E+01  -0.733788E-02
   0.697000E+02   0.107393E+01  -0.672628E-02
   0.697500E+02   0.107373E+01  -0.612302E-02
   0.698000E+02   0.107334E+01  -0.559697E-02
   0.698500E+02   0.107296E+01  -0.523939E-02
   0.699000E+02   0.107262E+01  -0.509120E-02
   0.699500E+02   0.107227E+01  -0.513136E-02
   0.700000E+02   0.107186E+01  -0.530753E-02
   0.700500E+02   0.107140E+01  -0.552964E-02
   0.701000E+02   0.107100E+01  -0.565390E-02
   0.701500E+02   0.107075E+01  -0.554285E-02
   0.702000E+02   0.107064E+01  -0.518153E-02
   0.702500E+02   0.107054E+01  -0.462263E-02
   0.703000E+02   0.107041E+01  -0.400165E-02
   0.703500E+02   0.107039E+01  -0.348915E-02
   0.704000E+02   0.107059E+01  -0.318249E-02
   0.704500E+02   0.107086E+01  -0.309262E-02
   0.705000E+02   0.107092E+01  -0.315862E-02
   0.705500E+02   0.107062E+01  -0.342023E-02
   0.706000E+02   0.107004E+01  -0.391022E-02
   0.706500E+02   0.106938E+01  -0.446545E-02
   0.707000E+02   0.106879E+01  -0.491964E-02
   0.707500E+02   0.106836E+01  -0.532998E-02
   0.708000E+02   0.106804E+01  -0.572972E-02
   0.708500E+02   0.106777E+01  -0.601813E-02
   0.709000E+02   0.106755E+01  -0.619413E-02
   0.709500E+02   0.106732E+01  -0.638368E-02
   0.710000E+02   0.106707E+01  -0.665730E-02
   0.710500E+02   0.106682E+01  -0.693509E-02
   0.711000E+02   0.106657E+01  -0.706023E-02
   0.711500E+02   0.106634E+01  -0.702492E-02
   0.712000E+02   0.106623E+01  -0.696229E-02
   0.712500E+02   0.106616E+01  -0.689616E-02
   0.713000E+02   0.106585E+01  -0.674079E-02
   0.713500E+02   0.106526E+01  -0.638948E-02
   0.714000E+02   0.106456E+01  -0.597956E-02
   0.714500E+02   0.106395E+01  -0.565260E-02
   0.715000E+02   0.106351E+01  -0.529500E-02
   0.715500E+02   0.106329E+01  -0.493325E-02
   0.716000E+02   0.106333E+01  -0.477930E-02
   0.716500E+02   0.106350E+01  -0.488914E-02
   0.717000E+02   0.106356E+01  -0.511683E-02
   0.717500E+02   0.106344E+01  -0.524047E-02
   0.718000E+02   0.106330E+01  -0.513106E-02
   0.718500E+02   0.106328E+01  -0.474903E-02
   0.719000E+02   0.106341E+01  -0.424113E-02
   0.719500E+02   0.106367E+01  -0.386789E-02
   0.720000E+02   0.106391E+01  -0.369118E-02
   0.720500E+02   0.106396E+01  -0.353190E-02
   0.721000E+02   0.106382E+01  -0.321299E-02
   0.721500E+02   0.106356E+01  -0.276790E-02
   0.722000E+02   0.106326E+01  -0.253788E-02
   0.722500E+02   0.106304E+01  -0.280696E-02
   0.723000E+02   0.106306E+01  -0.344920E-02
   0.723500E+02   0.106332E+01  -0.415378E-02
   0.724000E+02   0.106377E+01  -0.475692E-02
   0.724500E+02   0.106440E+01  -0.516625E-02
   0.725000E+02   0.106517E+01  -0.533313E-02
   0.725500E+02   0.106596E+01  -0.537276E-02
   0.726000E+02   0.106674E+01  -0.547273E-02
   0.726500E+02   0.106751E+01  -0.571439E-02
   0.727000E+02   0.106819E+01  -0.596962E-02
   0.727500E+02   0.106869E+01  -0.606719E-02
   0.728000E+02   0.106899E+01  -0.597969E-02
   0.728500E+02   0.106908E+01  -0.577823E-02
   0.729000E+02   0.106899E+01  -0.558094E-02
   0.729500E+02   0.106874E+01  -0.549196E-02
   0.730000E+02   0.106845E+01  -0.547362E-02
   0.730500E+02   0.106818E+01  -0.546643E-02
   0.731000E+02   0.106797E+01  -0.542611E-02
   0.731500E+02   0.106781E+01  -0.531333E-02
   0.732000E+02   0.106756E+01  -0.517939E-02
   0.732500E+02   0.106717E+01  -0.504613E-02
   0.733000E+02   0.106669E+01  -0.481854E-02
   0.733500E+02   0.106640E+01  -0.445971E-02
   0.734000E+02   0.106647E+01  -0.404288E-02
   0.734500E+02   0.106676E+01  -0.371517E-02
   0.735000E+02   0.106696E+01  -0.366764E-02
   0.735500E+02   0.106695E+01  -0.395351E-02
   0.736000E+02   0.106681E+01  -0.434891E-02
   0.736500E+02   0.106670E+01  -0.460960E-02
   0.737000E+02   0.106671E+01  -0.466441E-02
   0.737500E+02   0.106693E+01  -0.458758E-02
   0.738000E+02   0.106736E+01  -0.455022E-02
   0.738500E+02   0.106791E+01  -0.468048E-02
   0.739000E+02   0.106851E+01  -0.503885E-02
   0.739500E+02   0.106905E+01  -0.563095E-02
   0.740000E+02   0.106946E+01  -0.628099E-02
   0.740500E+02   0.106979E+01  -0.674194E-02
   0.741000E+02   0.107005E+01  -0.693962E-02
   0.741500E+02   0.107022E+01  -0.693988E-02
   0.742000E+02   0.107021E+01  -0.680059E-02
   0.742500E+02   0.107000E+01  -0.649346E-02
   0.743000E+02   0.106957E+01  -0.606777E-02
   0.743500E+02   0.106903E+01  -0.564040E-02
   0.744000E+02   0.106853E+01  -0.526885E-02
   0.744500E+02   0.106820E+01  -0.497481E-02
   0.745000E+02   0.106802E+01  -0.473793E-02
   0.745500E+02   0.106788E+01  -0.458396E-02
   0.746000E+02   0.106770E+01  -0.460067E-02
   0.746500E+02   0.106742E+01  -0.479917E-02
   0.747000E+02   0.106703E+01  -0.502338E-02
   0.747500E+02   0.106664E+01  -0.514032E-02
   0.748000E+02   0.106637E+01  -0.512534E-02
   0.748500E+02   0.106616E+01  -0.501191E-02
   0.749000E+02   0.106601E+01  -0.492668E-02
   0.749500E+02   0.106593E+01  -0.493654E-02
   0.750000E+02   0.106591E+01  -0.494627E-02
   0.750500E+02   0.106592E+01  -0.488858E-02
   0.751000E+02   0.106599E+01  -0.491901E-02
   0.751500E+02   0.106620E+01  -0.516852E-02
   0.752000E+02   0.106675E+01  -0.553192E-02
   0.752500E+02   0.106779E+01  -0.581170E-02
   0.753000E+02   0.106927E+01  -0.591046E-02
   0.753500E+02   0.107096E+01  -0.586604E-02
   0.754000E+02   0.107256E+01  -0.575934E-02
   0.754500E+02   0.107373E+01  -0.558860E-02
   0.755000E+02   0.107444E+01  -0.530364E-02
   0.755500E+02   0.107480E+01  -0.492846E-02
   0.756000E+02   0.107489E+01  -0.446959E-02
   0.756500E+02   0.107486E+01  -0.387858E-02
   0.757000E+02   0.107476E+01  -0.324114E-02
   0.757500E+02   0.107459E+01  -0.269651E-02
   0.758000E+02   0.107438E+01  -0.224333E-02
   0.758500E+02   0.107424E+01  -0.174836E-02
   0.759000E+02   0.107419E+01  -0.127849E-02
   0.759500E+02   0.107430E+01  -0.981458E-03
   0.760000E+02   0.107460E+01  -0.946617E-03
   0.760500E+02   0.107514E+01  -0.124503E-02
   0.761000E+02   0.107588E+01  -0.190713E-02
   0.761500E+02   0.107663E+01  -0.280633E-02
   0.762000E+02   0.107723E+01  -0.372556E-02
   0.762500E+02   0.107759E+01  -0.458950E-02
   0.763000E+02   0.107768E+01  -0.539098E-02
   0.763500E+02   0.107758E+01  -0.606374E-02
   0.764000E+02   0.107739E+01  -0.652691E-02
   0.764500E+02   0.107724E+01  -0.678669E-02
   0.765000E+02   0.107722E+01  -0.686002E-02
   0.765500E+02   0.107742E+01  -0.674084E-02
   0.766000E+02   0.107794E+01  -0.652976E-02
   0.766500E+02   0.107876E+01  -0.637163E-02
   0.767000E+02   0.107967E+01  -0.631925E-02
   0.767500E+02   0.108040E+01  -0.639335E-02
   0.768000E+02   0.108101E+01  -0.648567E-02
   0.768500E+02   0.108164E+01  -0.647218E-02
   0.769000E+02   0.108223E+01  -0.637906E-02
   0.769500E+02   0.108263E+01  -0.620777E-02
   0.770000E+02   0.108273E+01  -0.599450E-02
   0.770500E+02   0.108255E+01  -0.578769E-02
   0.771000E+02   0.108219E+01  -0.562471E-02
   0.771500E+02   0.108171E+01  -0.551173E-02
   0.772000E+02   0.108122E+01  -0.538777E-02
   0.772500E+02   0.108085E+01  -0.521894E-02
   0.773000E+02   0.108067E+01  -0.502916E-02
   0.773500E+02   0.108060E+01  -0.491547E-02
   0.774000E+02   0.108054E+01  -0.490341E-02
   0.774500E+02   0.108043E+01  -0.499926E-02
   0.775000E+02   0.108028E+01  -0.527173E-02
   0.775500E+02   0.108015E+01  -0.570726E-02
   0.776000E+02   0.108017E+01  -0.622157E-02
   0.776500E+02   0.108031E+01  -0.678380E-02
   0.777000E+02   0.108051E+01  -0.728850E-02
   0.777500E+02   0.108070E+01  -0.756841E-02
   0.778000E+02   0.108093E+01  -0.773043E-02
   0.778500E+02   0.108119E+01  -0.788216E-02
   0.779000E+02   0.108162E+01  -0.809637E-02
   0.779500E+02   0.108221E+01  -0.842866E-02
   0.780000E+02   0.108287E+01  -0.877525E-02
   0.780500E+02   0.108355E+01  -0.908814E-02
   0.781000E+02   0.108428E+01  -0.937722E-02
   0.781500E+02   0.108508E+01  -0.952608E-02
   0.782000E+02   0.108585E+01  -0.948775E-02
   0.782500E+02   0.108650E+01  -0.942831E-02
   0.783000E+02   0.108687E+01  -0.932463E-02
   0.783500E+02   0.108698E+01  -0.894402E-02
   0.784000E+02   0.108702E+01  -0.824876E-02
   0.784500E+02   0.108700E+01  -0.738716E-02
   0.785000E+02   0.108698E+01  -0.646036E-02
   0.785500E+02   0.108718E+01  -0.556119E-02
   0.786000E+02   0.108751E+01  -0.492441E-02
   0.786500E+02   0.108779E+01  -0.479252E-02
   0.787000E+02   0.108817E+01  -0.507682E-02
   0.787500E+02   0.108883E+01  -0.548633E-02
   0.788000E+02   0.108975E+01  -0.592675E-02
   0.788500E+02   0.109077E+01  -0.629793E-02
   0.789000E+02   0.109174E+01  -0.655463E-02
   0.789500E+02   0.109255E+01  -0.685148E-02
   0.790000E+02   0.109307E+01  -0.727658E-02
   0.790500E+02   0.109316E+01  -0.773538E-02
   0.791000E+02   0.109281E+01  -0.820390E-02
   0.791500E+02   0.109217E+01  -0.871304E-02
   0.792000E+02   0.109137E+01  -0.922158E-02
   0.792500E+02   0.109049E+01  -0.965522E-02
   0.793000E+02   0.108953E+01  -0.995912E-02
   0.793500E+02   0.108854E+01  -0.101379E-01
   0.794000E+02   0.108771E+01  -0.102821E-01
   0.794500E+02   0.108738E+01  -0.104240E-01
   0.795000E+02   0.108756E+01  -0.105760E-01
   0.795500E+02   0.108808E+01  -0.106837E-01
   0.796000E+02   0.108892E+01  -0.106404E-01
   0.796500E+02   0.109001E+01  -0.103257E-01
   0.797000E+02   0.109121E+01  -0.974092E-02
   0.797500E+02   0.109232E+01  -0.901785E-02
   0.798000E+02   0.109322E+01  -0.820037E-02
   0.798500E+02   0.109403E+01  -0.746069E-02
   0.799000E+02   0.109476E+01  -0.703553E-02
   0.799500E+02   0.109540E+01  -0.690829E-02
   0.800000E+02   0.109587E+01  -0.691316E-02
